<?xml version="1.0" encoding="utf-8"?><testsuites name="pytest tests"><testsuite name="pytest" errors="0" failures="0" skipped="10" tests="665" time="6.451" timestamp="2026-07-01T12:50:11.884026+05:30" hostname="Kalyan150"><testcase classname="tests.production.test_behavior_engine_scenarios" name="test_llm_proposed_navigation_is_gated_by_real_authorizer[BB-BEHV-1P-EMERGENCY-STOPPALM-IDLE-001]" time="0.002" /><testcase classname="tests.production.test_behavior_engine_scenarios" name="test_llm_proposed_navigation_is_gated_by_real_authorizer[BB-BEHV-1P-EMERGENCY-STOPPALM-SPEAK-002]" time="0.002" /><testcase classname="tests.production.test_behavior_engine_scenarios" name="test_llm_proposed_navigation_is_gated_by_real_authorizer[BB-BEHV-1P-EMERGENCY-CONFLICT-SPEAK-003]" time="0.001" /><testcase classname="tests.production.test_behavior_engine_scenarios" name="test_llm_proposed_navigation_is_gated_by_real_authorizer[BB-BEHV-1P-EMERGENCY-NONE-NAV-004]" time="0.001" /><testcase classname="tests.production.test_behavior_engine_scenarios" name="test_llm_proposed_navigation_is_gated_by_real_authorizer[BB-BEHV-1P-CONFUSED-STOPPALM-IDLE-005]" time="0.001" /><testcase classname="tests.production.test_behavior_engine_scenarios" name="test_llm_proposed_navigation_is_gated_by_real_authorizer[BB-BEHV-1P-CONFUSED-STOPPALM-SPEAK-006]" time="0.001" /><testcase classname="tests.production.test_behavior_engine_scenarios" name="test_llm_proposed_navigation_is_gated_by_real_authorizer[BB-BEHV-1P-CONFUSED-CONFLICT-SPEAK-007]" time="0.001" /><testcase classname="tests.production.test_behavior_engine_scenarios" name="test_llm_proposed_navigation_is_gated_by_real_authorizer[BB-BEHV-1P-CONFUSED-NONE-NAV-008]" time="0.001" /><testcase classname="tests.production.test_behavior_engine_scenarios" name="test_llm_proposed_navigation_is_gated_by_real_authorizer[BB-BEHV-1P-CLEAR-STOPPALM-IDLE-009]" time="0.001" /><testcase classname="tests.production.test_behavior_engine_scenarios" name="test_llm_proposed_navigation_is_gated_by_real_authorizer[BB-BEHV-1P-CLEAR-CONFLICT-IDLE-010]" time="0.002" /><testcase classname="tests.production.test_behavior_engine_scenarios" name="test_llm_proposed_navigation_is_gated_by_real_authorizer[BB-BEHV-1P-CLEAR-CONFLICT-SPEAK-011]" time="0.001" /><testcase classname="tests.production.test_behavior_engine_scenarios" name="test_llm_proposed_navigation_is_gated_by_real_authorizer[BB-BEHV-1P-CLEAR-NONE-NAV-012]" time="0.001" /><testcase classname="tests.production.test_behavior_engine_scenarios" name="test_llm_proposed_navigation_is_gated_by_real_authorizer[BB-BEHV-UNKNOWN-EMERGENCY-STOPPALM-IDLE-013]" time="0.001" /><testcase classname="tests.production.test_behavior_engine_scenarios" name="test_llm_proposed_navigation_is_gated_by_real_authorizer[BB-BEHV-UNKNOWN-EMERGENCY-CONFLICT-IDLE-014]" time="0.001" /><testcase classname="tests.production.test_behavior_engine_scenarios" name="test_llm_proposed_navigation_is_gated_by_real_authorizer[BB-BEHV-UNKNOWN-EMERGENCY-CONFLICT-SPEAK-015]" time="0.001" /><testcase classname="tests.production.test_behavior_engine_scenarios" name="test_llm_proposed_navigation_is_gated_by_real_authorizer[BB-BEHV-UNKNOWN-EMERGENCY-NONE-NAV-016]" time="0.001" /><testcase classname="tests.production.test_behavior_engine_scenarios" name="test_llm_proposed_navigation_is_gated_by_real_authorizer[BB-BEHV-UNKNOWN-CONFUSED-STOPPALM-NAV-017]" time="0.001" /><testcase classname="tests.production.test_behavior_engine_scenarios" name="test_llm_proposed_navigation_is_gated_by_real_authorizer[BB-BEHV-UNKNOWN-CONFUSED-CONFLICT-IDLE-018]" time="0.001" /><testcase classname="tests.production.test_behavior_engine_scenarios" name="test_llm_proposed_navigation_is_gated_by_real_authorizer[BB-BEHV-UNKNOWN-CONFUSED-CONFLICT-SPEAK-019]" time="0.001" /><testcase classname="tests.production.test_behavior_engine_scenarios" name="test_llm_proposed_navigation_is_gated_by_real_authorizer[BB-BEHV-UNKNOWN-CONFUSED-NONE-NAV-020]" time="0.001" /><testcase classname="tests.production.test_behavior_engine_scenarios" name="test_llm_proposed_navigation_is_gated_by_real_authorizer[BB-BEHV-UNKNOWN-CLEAR-STOPPALM-NAV-021]" time="0.001" /><testcase classname="tests.production.test_behavior_engine_scenarios" name="test_llm_proposed_navigation_is_gated_by_real_authorizer[BB-BEHV-UNKNOWN-CLEAR-CONFLICT-IDLE-022]" time="0.001" /><testcase classname="tests.production.test_behavior_engine_scenarios" name="test_llm_proposed_navigation_is_gated_by_real_authorizer[BB-BEHV-UNKNOWN-CLEAR-CONFLICT-SPEAK-023]" time="0.001" /><testcase classname="tests.production.test_behavior_engine_scenarios" name="test_llm_proposed_navigation_is_gated_by_real_authorizer[BB-BEHV-UNKNOWN-CLEAR-NONE-SPEAK-024]" time="0.001" /><testcase classname="tests.production.test_behavior_engine_scenarios" name="test_llm_proposed_navigation_is_gated_by_real_authorizer[BB-BEHV-KNOWN-EMERGENCY-STOPPALM-NAV-025]" time="0.001" /><testcase classname="tests.production.test_behavior_engine_scenarios" name="test_llm_proposed_navigation_is_gated_by_real_authorizer[BB-BEHV-KNOWN-EMERGENCY-CONFLICT-IDLE-026]" time="0.001" /><testcase classname="tests.production.test_behavior_engine_scenarios" name="test_llm_proposed_navigation_is_gated_by_real_authorizer[BB-BEHV-KNOWN-EMERGENCY-CONFLICT-SPEAK-027]" time="0.001" /><testcase classname="tests.production.test_behavior_engine_scenarios" name="test_llm_proposed_navigation_is_gated_by_real_authorizer[BB-BEHV-KNOWN-EMERGENCY-NONE-SPEAK-028]" time="0.001" /><testcase classname="tests.production.test_behavior_engine_scenarios" name="test_llm_proposed_navigation_is_gated_by_real_authorizer[BB-BEHV-KNOWN-CONFUSED-STOPPALM-NAV-029]" time="0.001" /><testcase classname="tests.production.test_behavior_engine_scenarios" name="test_llm_proposed_navigation_is_gated_by_real_authorizer[BB-BEHV-KNOWN-CONFUSED-CONFLICT-IDLE-030]" time="0.000" /><testcase classname="tests.production.test_behavior_engine_scenarios" name="test_llm_proposed_navigation_is_gated_by_real_authorizer[BB-BEHV-KNOWN-CONFUSED-NONE-IDLE-031]" time="0.000" /><testcase classname="tests.production.test_behavior_engine_scenarios" name="test_llm_proposed_navigation_is_gated_by_real_authorizer[BB-BEHV-KNOWN-CONFUSED-NONE-SPEAK-032]" time="0.000" /><testcase classname="tests.production.test_behavior_engine_scenarios" name="test_llm_proposed_navigation_is_gated_by_real_authorizer[BB-BEHV-KNOWN-CLEAR-STOPPALM-NAV-033]" time="0.001" /><testcase classname="tests.production.test_behavior_engine_scenarios" name="test_llm_proposed_navigation_is_gated_by_real_authorizer[BB-BEHV-KNOWN-CLEAR-CONFLICT-IDLE-034]" time="0.001" /><testcase classname="tests.production.test_behavior_engine_scenarios" name="test_llm_proposed_navigation_is_gated_by_real_authorizer[BB-BEHV-KNOWN-CLEAR-NONE-IDLE-035]" time="0.001" /><testcase classname="tests.production.test_behavior_engine_scenarios" name="test_llm_proposed_navigation_is_gated_by_real_authorizer[BB-BEHV-KNOWN-CLEAR-NONE-SPEAK-036]" time="0.001" /><testcase classname="tests.production.test_behavior_engine_scenarios" name="test_authorizer_denies_actuation_during_estop" time="0.002" /><testcase classname="tests.production.test_behavior_engine_scenarios" name="test_speech_is_always_granted_regardless_of_safety_state" time="0.001" /><testcase classname="tests.production.test_behavior_engine_scenarios" name="test_oracle_catches_llm_action_that_bypasses_the_gate" time="0.001" /><testcase classname="tests.production.test_boot_topology_scenarios" name="test_topology_classification_matches_expected[BB-BOOT-FRESH-MONO-001]" time="0.001" /><testcase classname="tests.production.test_boot_topology_scenarios" name="test_topology_classification_matches_expected[BB-BOOT-FRESH-MODPI-002]" time="0.001" /><testcase classname="tests.production.test_boot_topology_scenarios" name="test_topology_classification_matches_expected[BB-BOOT-FRESH-MIXED-003]" time="0.001" /><testcase classname="tests.production.test_boot_topology_scenarios" name="test_topology_classification_matches_expected[BB-BOOT-UPGRADE-MONO-004]" time="0.000" /><testcase classname="tests.production.test_boot_topology_scenarios" name="test_topology_classification_matches_expected[BB-BOOT-UPGRADE-MODPI-005]" time="0.001" /><testcase classname="tests.production.test_boot_topology_scenarios" name="test_topology_classification_matches_expected[BB-BOOT-UPGRADE-MIXED-006]" time="0.000" /><testcase classname="tests.production.test_boot_topology_scenarios" name="test_topology_classification_matches_expected[BB-BOOT-PWRLOSS-MONO-007]" time="0.000" /><testcase classname="tests.production.test_boot_topology_scenarios" name="test_topology_classification_matches_expected[BB-BOOT-PWRLOSS-MODPI-008]" time="0.000" /><testcase classname="tests.production.test_boot_topology_scenarios" name="test_topology_classification_matches_expected[BB-BOOT-PWRLOSS-MIXED-009]" time="0.000" /><testcase classname="tests.production.test_boot_topology_scenarios" name="test_topology_event_is_logged_and_dashboarded[BB-BOOT-FRESH-MONO-001]" time="0.000" /><testcase classname="tests.production.test_boot_topology_scenarios" name="test_topology_event_is_logged_and_dashboarded[BB-BOOT-FRESH-MODPI-002]" time="0.000" /><testcase classname="tests.production.test_boot_topology_scenarios" name="test_topology_event_is_logged_and_dashboarded[BB-BOOT-FRESH-MIXED-003]" time="0.000" /><testcase classname="tests.production.test_boot_topology_scenarios" name="test_topology_event_is_logged_and_dashboarded[BB-BOOT-UPGRADE-MONO-004]" time="0.000" /><testcase classname="tests.production.test_boot_topology_scenarios" name="test_topology_event_is_logged_and_dashboarded[BB-BOOT-UPGRADE-MODPI-005]" time="0.001" /><testcase classname="tests.production.test_boot_topology_scenarios" name="test_topology_event_is_logged_and_dashboarded[BB-BOOT-UPGRADE-MIXED-006]" time="0.002" /><testcase classname="tests.production.test_boot_topology_scenarios" name="test_topology_event_is_logged_and_dashboarded[BB-BOOT-PWRLOSS-MONO-007]" time="0.001" /><testcase classname="tests.production.test_boot_topology_scenarios" name="test_topology_event_is_logged_and_dashboarded[BB-BOOT-PWRLOSS-MODPI-008]" time="0.001" /><testcase classname="tests.production.test_boot_topology_scenarios" name="test_topology_event_is_logged_and_dashboarded[BB-BOOT-PWRLOSS-MIXED-009]" time="0.001" /><testcase classname="tests.production.test_boot_topology_scenarios" name="test_oracle_catches_missing_dashboard_update" time="0.000" /><testcase classname="tests.production.test_boot_topology_scenarios" name="test_duplicate_safety_supervisor_is_invalid_even_with_observed_count" time="0.000" /><testcase classname="tests.production.test_dashboard_scenarios" name="test_dashboard_event_is_logged_and_dashboarded[BB-DASH-IDLE-CONN-AUTH-001]" time="0.001" /><testcase classname="tests.production.test_dashboard_scenarios" name="test_dashboard_event_is_logged_and_dashboarded[BB-DASH-IDLE-DISC-AUTH-002]" time="0.001" /><testcase classname="tests.production.test_dashboard_scenarios" name="test_dashboard_event_is_logged_and_dashboarded[BB-DASH-IDLE-SLOWNET-AUTH-003]" time="0.001" /><testcase classname="tests.production.test_dashboard_scenarios" name="test_dashboard_event_is_logged_and_dashboarded[BB-DASH-NAV-CONN-AUTH-004]" time="0.001" /><testcase classname="tests.production.test_dashboard_scenarios" name="test_dashboard_event_is_logged_and_dashboarded[BB-DASH-NAV-DISC-AUTH-005]" time="0.000" /><testcase classname="tests.production.test_dashboard_scenarios" name="test_dashboard_event_is_logged_and_dashboarded[BB-DASH-NAV-SLOWNET-AUTH-006]" time="0.000" /><testcase classname="tests.production.test_dashboard_scenarios" name="test_dashboard_event_is_logged_and_dashboarded[BB-DASH-SPEAK-CONN-AUTH-007]" time="0.000" /><testcase classname="tests.production.test_dashboard_scenarios" name="test_dashboard_event_is_logged_and_dashboarded[BB-DASH-SPEAK-DISC-AUTH-008]" time="0.000" /><testcase classname="tests.production.test_dashboard_scenarios" name="test_dashboard_event_is_logged_and_dashboarded[BB-DASH-SPEAK-SLOWNET-AUTH-009]" time="0.001" /><testcase classname="tests.production.test_dashboard_scenarios" name="test_dashboard_event_is_logged_and_dashboarded[BB-DASH-TURN-CONN-AUTH-010]" time="0.001" /><testcase classname="tests.production.test_dashboard_scenarios" name="test_dashboard_event_is_logged_and_dashboarded[BB-DASH-TURN-DISC-AUTH-011]" time="0.001" /><testcase classname="tests.production.test_dashboard_scenarios" name="test_dashboard_event_is_logged_and_dashboarded[BB-DASH-TURN-SLOWNET-AUTH-012]" time="0.001" /><testcase classname="tests.production.test_dashboard_scenarios" name="test_dashboard_event_is_logged_and_dashboarded[BB-DASH-DOCK-CONN-UNAUTH-013]" time="0.000" /><testcase classname="tests.production.test_dashboard_scenarios" name="test_dashboard_event_is_logged_and_dashboarded[BB-DASH-DOCK-DISC-UNAUTH-014]" time="0.000" /><testcase classname="tests.production.test_dashboard_scenarios" name="test_dashboard_event_is_logged_and_dashboarded[BB-DASH-DOCK-SLOWNET-UNAUTH-015]" time="0.000" /><testcase classname="tests.production.test_dashboard_scenarios" name="test_dashboard_event_is_logged_and_dashboarded[BB-DASH-LOWBATT-CONN-UNAUTH-016]" time="0.000" /><testcase classname="tests.production.test_dashboard_scenarios" name="test_dashboard_event_is_logged_and_dashboarded[BB-DASH-LOWBATT-DISC-UNAUTH-017]" time="0.000" /><testcase classname="tests.production.test_dashboard_scenarios" name="test_dashboard_event_is_logged_and_dashboarded[BB-DASH-LOWBATT-SLOWNET-UNAUTH-018]" time="0.000" /><testcase classname="tests.production.test_dashboard_scenarios" name="test_dashboard_event_is_logged_and_dashboarded[BB-DASH-DEGRADED-CONN-UNAUTH-019]" time="0.001" /><testcase classname="tests.production.test_dashboard_scenarios" name="test_dashboard_event_is_logged_and_dashboarded[BB-DASH-DEGRADED-DISC-UNAUTH-020]" time="0.001" /><testcase classname="tests.production.test_dashboard_scenarios" name="test_dashboard_event_is_logged_and_dashboarded[BB-DASH-DEGRADED-SLOWNET-UNAUTH-021]" time="0.001" /><testcase classname="tests.production.test_dashboard_scenarios" name="test_dashboard_event_is_logged_and_dashboarded[BB-DASH-DASHDISC-CONN-UNAUTH-022]" time="0.001" /><testcase classname="tests.production.test_dashboard_scenarios" name="test_dashboard_event_is_logged_and_dashboarded[BB-DASH-DASHDISC-DISC-UNAUTH-023]" time="0.001" /><testcase classname="tests.production.test_dashboard_scenarios" name="test_dashboard_event_is_logged_and_dashboarded[BB-DASH-DASHDISC-SLOWNET-UNAUTH-024]" time="0.001" /><testcase classname="tests.production.test_dashboard_scenarios" name="test_robot_status_endpoint_reflects_backend_state" time="1.726" /><testcase classname="tests.production.test_dashboard_scenarios" name="test_unauthorized_request_is_rejected" time="0.528" /><testcase classname="tests.production.test_dashboard_scenarios" name="test_viewer_cannot_trigger_privileged_mode_select" time="0.909" /><testcase classname="tests.production.test_dashboard_scenarios" name="test_admin_can_request_mode_select_command" time="0.692" /><testcase classname="tests.production.test_dashboard_scenarios" name="test_oracle_catches_stale_dashboard_data" time="0.001" /><testcase classname="tests.production.test_degraded_mode_scenarios" name="test_degraded_mode_trigger_is_handled_correctly[BB-DEGR-NOCAM-DEGRADED-001]" time="0.001" /><testcase classname="tests.production.test_degraded_mode_scenarios" name="test_degraded_mode_trigger_is_handled_correctly[BB-DEGR-NOCAM-LOWBATT-002]" time="0.001" /><testcase classname="tests.production.test_degraded_mode_scenarios" name="test_degraded_mode_trigger_is_handled_correctly[BB-DEGR-NOCAM-DASHDISC-003]" time="0.000" /><testcase classname="tests.production.test_degraded_mode_scenarios" name="test_degraded_mode_trigger_is_handled_correctly[BB-DEGR-NOLIDAR-DEGRADED-004]" time="0.001" /><testcase classname="tests.production.test_degraded_mode_scenarios" name="test_degraded_mode_trigger_is_handled_correctly[BB-DEGR-NOLIDAR-LOWBATT-005]" time="0.003" /><testcase classname="tests.production.test_degraded_mode_scenarios" name="test_degraded_mode_trigger_is_handled_correctly[BB-DEGR-NOLIDAR-DASHDISC-006]" time="0.001" /><testcase classname="tests.production.test_degraded_mode_scenarios" name="test_degraded_mode_trigger_is_handled_correctly[BB-DEGR-NOMIC-DEGRADED-007]" time="0.001" /><testcase classname="tests.production.test_degraded_mode_scenarios" name="test_degraded_mode_trigger_is_handled_correctly[BB-DEGR-NOMIC-LOWBATT-008]" time="0.001" /><testcase classname="tests.production.test_degraded_mode_scenarios" name="test_degraded_mode_trigger_is_handled_correctly[BB-DEGR-NOMIC-DASHDISC-009]" time="0.001" /><testcase classname="tests.production.test_degraded_mode_scenarios" name="test_degraded_mode_trigger_is_handled_correctly[BB-DEGR-IMUDRIFT-DEGRADED-010]" time="0.001" /><testcase classname="tests.production.test_degraded_mode_scenarios" name="test_degraded_mode_trigger_is_handled_correctly[BB-DEGR-IMUDRIFT-LOWBATT-011]" time="0.000" /><testcase classname="tests.production.test_degraded_mode_scenarios" name="test_degraded_mode_trigger_is_handled_correctly[BB-DEGR-IMUDRIFT-DASHDISC-012]" time="0.001" /><testcase classname="tests.production.test_degraded_mode_scenarios" name="test_degraded_mode_trigger_is_handled_correctly[BB-DEGR-NOHAT-DEGRADED-013]" time="0.001" /><testcase classname="tests.production.test_degraded_mode_scenarios" name="test_degraded_mode_trigger_is_handled_correctly[BB-DEGR-NOHAT-LOWBATT-014]" time="0.000" /><testcase classname="tests.production.test_degraded_mode_scenarios" name="test_degraded_mode_trigger_is_handled_correctly[BB-DEGR-NOHAT-DASHDISC-015]" time="0.001" /><testcase classname="tests.production.test_degraded_mode_scenarios" name="test_degraded_mode_trigger_is_handled_correctly[BB-DEGR-HOT-DEGRADED-016]" time="0.001" /><testcase classname="tests.production.test_degraded_mode_scenarios" name="test_degraded_mode_trigger_is_handled_correctly[BB-DEGR-HOT-LOWBATT-017]" time="0.001" /><testcase classname="tests.production.test_degraded_mode_scenarios" name="test_degraded_mode_trigger_is_handled_correctly[BB-DEGR-HOT-DASHDISC-018]" time="0.001" /><testcase classname="tests.production.test_degraded_mode_scenarios" name="test_degraded_mode_trigger_is_handled_correctly[BB-DEGR-CPUOVER-DEGRADED-019]" time="0.001" /><testcase classname="tests.production.test_degraded_mode_scenarios" name="test_degraded_mode_trigger_is_handled_correctly[BB-DEGR-CPUOVER-LOWBATT-020]" time="0.001" /><testcase classname="tests.production.test_degraded_mode_scenarios" name="test_degraded_mode_trigger_is_handled_correctly[BB-DEGR-CPUOVER-DASHDISC-021]" time="0.001" /><testcase classname="tests.production.test_degraded_mode_scenarios" name="test_stacked_triggers_never_shed_safety_critical_modules" time="0.005" /><testcase classname="tests.production.test_degraded_mode_scenarios" name="test_recovery_restores_in_reverse_shed_order" time="0.000" /><testcase classname="tests.production.test_degraded_mode_scenarios" name="test_oracle_catches_missing_degraded_mode_entry" time="0.001" /><testcase classname="tests.production.test_field_pilot_learning_scenarios" name="test_field_pilot_event_is_handled_correctly[BB-FIELD-WRONGOBJ-DEBUGON-001]" time="0.001" /><testcase classname="tests.production.test_field_pilot_learning_scenarios" name="test_field_pilot_event_is_handled_correctly[BB-FIELD-WRONGOBJ-DEBUGOFF-002]" time="0.001" /><testcase classname="tests.production.test_field_pilot_learning_scenarios" name="test_field_pilot_event_is_handled_correctly[BB-FIELD-MISSOBJ-DEBUGON-003]" time="0.001" /><testcase classname="tests.production.test_field_pilot_learning_scenarios" name="test_field_pilot_event_is_handled_correctly[BB-FIELD-MISSOBJ-DEBUGOFF-004]" time="0.001" /><testcase classname="tests.production.test_field_pilot_learning_scenarios" name="test_field_pilot_event_is_handled_correctly[BB-FIELD-WRONGGEST-DEBUGON-005]" time="0.001" /><testcase classname="tests.production.test_field_pilot_learning_scenarios" name="test_field_pilot_event_is_handled_correctly[BB-FIELD-WRONGGEST-DEBUGOFF-006]" time="0.001" /><testcase classname="tests.production.test_field_pilot_learning_scenarios" name="test_field_pilot_event_is_handled_correctly[BB-FIELD-MISSGEST-DEBUGON-007]" time="0.001" /><testcase classname="tests.production.test_field_pilot_learning_scenarios" name="test_field_pilot_event_is_handled_correctly[BB-FIELD-MISSGEST-DEBUGOFF-008]" time="0.001" /><testcase classname="tests.production.test_field_pilot_learning_scenarios" name="test_field_pilot_event_is_handled_correctly[BB-FIELD-WRONGSPK-DEBUGON-009]" time="0.001" /><testcase classname="tests.production.test_field_pilot_learning_scenarios" name="test_field_pilot_event_is_handled_correctly[BB-FIELD-WRONGSPK-DEBUGOFF-010]" time="0.000" /><testcase classname="tests.production.test_field_pilot_learning_scenarios" name="test_field_pilot_event_is_handled_correctly[BB-FIELD-WRONGID-DEBUGON-011]" time="0.001" /><testcase classname="tests.production.test_field_pilot_learning_scenarios" name="test_field_pilot_event_is_handled_correctly[BB-FIELD-WRONGID-DEBUGOFF-012]" time="0.000" /><testcase classname="tests.production.test_field_pilot_learning_scenarios" name="test_field_pilot_event_is_handled_correctly[BB-FIELD-WRONGEMO-DEBUGON-013]" time="0.001" /><testcase classname="tests.production.test_field_pilot_learning_scenarios" name="test_field_pilot_event_is_handled_correctly[BB-FIELD-WRONGEMO-DEBUGOFF-014]" time="0.001" /><testcase classname="tests.production.test_field_pilot_learning_scenarios" name="test_field_pilot_event_is_handled_correctly[BB-FIELD-WRONGRESP-DEBUGON-015]" time="0.002" /><testcase classname="tests.production.test_field_pilot_learning_scenarios" name="test_field_pilot_event_is_handled_correctly[BB-FIELD-WRONGRESP-DEBUGOFF-016]" time="0.001" /><testcase classname="tests.production.test_field_pilot_learning_scenarios" name="test_field_pilot_event_is_handled_correctly[BB-FIELD-UNSAFEBLOCK-DEBUGON-017]" time="0.001" /><testcase classname="tests.production.test_field_pilot_learning_scenarios" name="test_field_pilot_event_is_handled_correctly[BB-FIELD-UNSAFEBLOCK-DEBUGOFF-018]" time="0.001" /><testcase classname="tests.production.test_field_pilot_learning_scenarios" name="test_field_pilot_event_is_handled_correctly[BB-FIELD-NAVFAIL-DEBUGON-019]" time="0.001" /><testcase classname="tests.production.test_field_pilot_learning_scenarios" name="test_field_pilot_event_is_handled_correctly[BB-FIELD-NAVFAIL-DEBUGOFF-020]" time="0.001" /><testcase classname="tests.production.test_field_pilot_learning_scenarios" name="test_field_pilot_event_is_handled_correctly[BB-FIELD-DASHMISMATCH-DEBUGON-021]" time="0.001" /><testcase classname="tests.production.test_field_pilot_learning_scenarios" name="test_field_pilot_event_is_handled_correctly[BB-FIELD-DASHMISMATCH-DEBUGOFF-022]" time="0.001" /><testcase classname="tests.production.test_field_pilot_learning_scenarios" name="test_field_pilot_event_is_handled_correctly[BB-FIELD-DEGFAIL-DEBUGON-023]" time="0.001" /><testcase classname="tests.production.test_field_pilot_learning_scenarios" name="test_field_pilot_event_is_handled_correctly[BB-FIELD-DEGFAIL-DEBUGOFF-024]" time="0.001" /><testcase classname="tests.production.test_field_pilot_learning_scenarios" name="test_debug_mode_disabled_scenarios_never_request_raw_storage" time="0.000" /><testcase classname="tests.production.test_field_pilot_learning_scenarios" name="test_full_loop_log_review_export_generate" time="0.031" /><testcase classname="tests.production.test_field_pilot_learning_scenarios" name="test_privacy_violation_in_metadata_is_rejected" time="0.004" /><testcase classname="tests.production.test_field_pilot_learning_scenarios" name="test_existing_regression_catalog_still_passes_the_oracle" time="0.001" /><testcase classname="tests.production.test_gesture_scenarios" name="test_correct_gesture_response_passes_oracle[BB-GEST-1P-BRIGHT-NONE-IDLE-001]" time="0.001" /><testcase classname="tests.production.test_gesture_scenarios" name="test_correct_gesture_response_passes_oracle[BB-GEST-1P-BRIGHT-STOPPALM-SPEAK-002]" time="0.001" /><testcase classname="tests.production.test_gesture_scenarios" name="test_correct_gesture_response_passes_oracle[BB-GEST-1P-BRIGHT-THUMBSDOWN-NAV-003]" time="0.001" /><testcase classname="tests.production.test_gesture_scenarios" name="test_correct_gesture_response_passes_oracle[BB-GEST-1P-LOWLIGHT-NONE-IDLE-004]" time="0.001" /><testcase classname="tests.production.test_gesture_scenarios" name="test_correct_gesture_response_passes_oracle[BB-GEST-1P-LOWLIGHT-STOPPALM-NAV-005]" time="0.001" /><testcase classname="tests.production.test_gesture_scenarios" name="test_correct_gesture_response_passes_oracle[BB-GEST-1P-LOWLIGHT-COMEHERE-IDLE-006]" time="0.001" /><testcase classname="tests.production.test_gesture_scenarios" name="test_correct_gesture_response_passes_oracle[BB-GEST-1P-BACKLIT-NONE-SPEAK-007]" time="0.001" /><testcase classname="tests.production.test_gesture_scenarios" name="test_correct_gesture_response_passes_oracle[BB-GEST-1P-BACKLIT-STOPPALM-NAV-008]" time="0.001" /><testcase classname="tests.production.test_gesture_scenarios" name="test_correct_gesture_response_passes_oracle[BB-GEST-1P-BACKLIT-COMEHERE-IDLE-009]" time="0.000" /><testcase classname="tests.production.test_gesture_scenarios" name="test_correct_gesture_response_passes_oracle[BB-GEST-1P-FLICKER-NONE-SPEAK-010]" time="0.001" /><testcase classname="tests.production.test_gesture_scenarios" name="test_correct_gesture_response_passes_oracle[BB-GEST-1P-FLICKER-POINT-IDLE-011]" time="0.001" /><testcase classname="tests.production.test_gesture_scenarios" name="test_correct_gesture_response_passes_oracle[BB-GEST-1P-FLICKER-COMEHERE-SPEAK-012]" time="0.001" /><testcase classname="tests.production.test_gesture_scenarios" name="test_correct_gesture_response_passes_oracle[BB-GEST-1P-NIGHT-NONE-NAV-013]" time="0.001" /><testcase classname="tests.production.test_gesture_scenarios" name="test_correct_gesture_response_passes_oracle[BB-GEST-1P-NIGHT-POINT-IDLE-014]" time="0.001" /><testcase classname="tests.production.test_gesture_scenarios" name="test_correct_gesture_response_passes_oracle[BB-GEST-1P-NIGHT-COMEHERE-SPEAK-015]" time="0.001" /><testcase classname="tests.production.test_gesture_scenarios" name="test_correct_gesture_response_passes_oracle[BB-GEST-MP-BRIGHT-NONE-NAV-016]" time="0.001" /><testcase classname="tests.production.test_gesture_scenarios" name="test_correct_gesture_response_passes_oracle[BB-GEST-MP-BRIGHT-POINT-IDLE-017]" time="0.000" /><testcase classname="tests.production.test_gesture_scenarios" name="test_correct_gesture_response_passes_oracle[BB-GEST-MP-BRIGHT-COMEHERE-NAV-018]" time="0.000" /><testcase classname="tests.production.test_gesture_scenarios" name="test_correct_gesture_response_passes_oracle[BB-GEST-MP-LOWLIGHT-WAVE-IDLE-019]" time="0.000" /><testcase classname="tests.production.test_gesture_scenarios" name="test_correct_gesture_response_passes_oracle[BB-GEST-MP-LOWLIGHT-POINT-SPEAK-020]" time="0.001" /><testcase classname="tests.production.test_gesture_scenarios" name="test_correct_gesture_response_passes_oracle[BB-GEST-MP-LOWLIGHT-COMEHERE-NAV-021]" time="0.001" /><testcase classname="tests.production.test_gesture_scenarios" name="test_correct_gesture_response_passes_oracle[BB-GEST-MP-BACKLIT-WAVE-IDLE-022]" time="0.001" /><testcase classname="tests.production.test_gesture_scenarios" name="test_correct_gesture_response_passes_oracle[BB-GEST-MP-BACKLIT-POINT-SPEAK-023]" time="0.001" /><testcase classname="tests.production.test_gesture_scenarios" name="test_correct_gesture_response_passes_oracle[BB-GEST-MP-BACKLIT-GOAWAY-IDLE-024]" time="0.002" /><testcase classname="tests.production.test_gesture_scenarios" name="test_correct_gesture_response_passes_oracle[BB-GEST-MP-FLICKER-WAVE-SPEAK-025]" time="0.001" /><testcase classname="tests.production.test_gesture_scenarios" name="test_correct_gesture_response_passes_oracle[BB-GEST-MP-FLICKER-POINT-NAV-026]" time="0.001" /><testcase classname="tests.production.test_gesture_scenarios" name="test_correct_gesture_response_passes_oracle[BB-GEST-MP-FLICKER-GOAWAY-IDLE-027]" time="0.001" /><testcase classname="tests.production.test_gesture_scenarios" name="test_correct_gesture_response_passes_oracle[BB-GEST-MP-NIGHT-WAVE-SPEAK-028]" time="0.001" /><testcase classname="tests.production.test_gesture_scenarios" name="test_correct_gesture_response_passes_oracle[BB-GEST-MP-NIGHT-POINT-NAV-029]" time="0.001" /><testcase classname="tests.production.test_gesture_scenarios" name="test_correct_gesture_response_passes_oracle[BB-GEST-MP-NIGHT-GOAWAY-IDLE-030]" time="0.001" /><testcase classname="tests.production.test_gesture_scenarios" name="test_correct_gesture_response_passes_oracle[BB-GEST-MP-BRIGHT-WAVE-NAV-031]" time="0.001" /><testcase classname="tests.production.test_gesture_scenarios" name="test_correct_gesture_response_passes_oracle[BB-GEST-MP-BRIGHT-THUMBSUP-IDLE-032]" time="0.000" /><testcase classname="tests.production.test_gesture_scenarios" name="test_correct_gesture_response_passes_oracle[BB-GEST-MP-BRIGHT-GOAWAY-SPEAK-033]" time="0.000" /><testcase classname="tests.production.test_gesture_scenarios" name="test_correct_gesture_response_passes_oracle[BB-GEST-MP-LOWLIGHT-WAVE-NAV-034]" time="0.006" /><testcase classname="tests.production.test_gesture_scenarios" name="test_correct_gesture_response_passes_oracle[BB-GEST-MP-LOWLIGHT-THUMBSUP-IDLE-035]" time="0.001" /><testcase classname="tests.production.test_gesture_scenarios" name="test_correct_gesture_response_passes_oracle[BB-GEST-MP-LOWLIGHT-GOAWAY-SPEAK-036]" time="0.001" /><testcase classname="tests.production.test_gesture_scenarios" name="test_correct_gesture_response_passes_oracle[BB-GEST-MP-BACKLIT-WAVE-NAV-037]" time="0.001" /><testcase classname="tests.production.test_gesture_scenarios" name="test_correct_gesture_response_passes_oracle[BB-GEST-MP-BACKLIT-THUMBSUP-SPEAK-038]" time="0.000" /><testcase classname="tests.production.test_gesture_scenarios" name="test_correct_gesture_response_passes_oracle[BB-GEST-MP-BACKLIT-GOAWAY-NAV-039]" time="0.000" /><testcase classname="tests.production.test_gesture_scenarios" name="test_correct_gesture_response_passes_oracle[BB-GEST-MP-FLICKER-RAISEDHAND-IDLE-040]" time="0.001" /><testcase classname="tests.production.test_gesture_scenarios" name="test_correct_gesture_response_passes_oracle[BB-GEST-MP-FLICKER-THUMBSUP-SPEAK-041]" time="0.001" /><testcase classname="tests.production.test_gesture_scenarios" name="test_correct_gesture_response_passes_oracle[BB-GEST-MP-FLICKER-GOAWAY-NAV-042]" time="0.001" /><testcase classname="tests.production.test_gesture_scenarios" name="test_correct_gesture_response_passes_oracle[BB-GEST-MP-NIGHT-RAISEDHAND-IDLE-043]" time="0.001" /><testcase classname="tests.production.test_gesture_scenarios" name="test_correct_gesture_response_passes_oracle[BB-GEST-MP-NIGHT-THUMBSUP-NAV-044]" time="0.000" /><testcase classname="tests.production.test_gesture_scenarios" name="test_correct_gesture_response_passes_oracle[BB-GEST-MP-NIGHT-CONFLICT-IDLE-045]" time="0.000" /><testcase classname="tests.production.test_gesture_scenarios" name="test_correct_gesture_response_passes_oracle[BB-GEST-MP-BRIGHT-RAISEDHAND-SPEAK-046]" time="0.001" /><testcase classname="tests.production.test_gesture_scenarios" name="test_correct_gesture_response_passes_oracle[BB-GEST-MP-BRIGHT-THUMBSUP-NAV-047]" time="0.001" /><testcase classname="tests.production.test_gesture_scenarios" name="test_correct_gesture_response_passes_oracle[BB-GEST-MP-BRIGHT-CONFLICT-IDLE-048]" time="0.001" /><testcase classname="tests.production.test_gesture_scenarios" name="test_correct_gesture_response_passes_oracle[BB-GEST-MP-LOWLIGHT-RAISEDHAND-SPEAK-049]" time="0.001" /><testcase classname="tests.production.test_gesture_scenarios" name="test_correct_gesture_response_passes_oracle[BB-GEST-MP-LOWLIGHT-THUMBSUP-NAV-050]" time="0.001" /><testcase classname="tests.production.test_gesture_scenarios" name="test_correct_gesture_response_passes_oracle[BB-GEST-MP-LOWLIGHT-CONFLICT-SPEAK-051]" time="0.001" /><testcase classname="tests.production.test_gesture_scenarios" name="test_correct_gesture_response_passes_oracle[BB-GEST-MP-BACKLIT-RAISEDHAND-NAV-052]" time="0.000" /><testcase classname="tests.production.test_gesture_scenarios" name="test_correct_gesture_response_passes_oracle[BB-GEST-MP-BACKLIT-THUMBSDOWN-IDLE-053]" time="0.000" /><testcase classname="tests.production.test_gesture_scenarios" name="test_correct_gesture_response_passes_oracle[BB-GEST-MP-BACKLIT-CONFLICT-SPEAK-054]" time="0.000" /><testcase classname="tests.production.test_gesture_scenarios" name="test_correct_gesture_response_passes_oracle[BB-GEST-MP-FLICKER-RAISEDHAND-NAV-055]" time="0.000" /><testcase classname="tests.production.test_gesture_scenarios" name="test_correct_gesture_response_passes_oracle[BB-GEST-MP-FLICKER-THUMBSDOWN-IDLE-056]" time="0.000" /><testcase classname="tests.production.test_gesture_scenarios" name="test_correct_gesture_response_passes_oracle[BB-GEST-MP-FLICKER-CONFLICT-NAV-057]" time="0.001" /><testcase classname="tests.production.test_gesture_scenarios" name="test_correct_gesture_response_passes_oracle[BB-GEST-MP-NIGHT-STOPPALM-IDLE-058]" time="0.001" /><testcase classname="tests.production.test_gesture_scenarios" name="test_correct_gesture_response_passes_oracle[BB-GEST-MP-NIGHT-THUMBSDOWN-SPEAK-059]" time="0.001" /><testcase classname="tests.production.test_gesture_scenarios" name="test_correct_gesture_response_passes_oracle[BB-GEST-MP-NIGHT-CONFLICT-NAV-060]" time="0.001" /><testcase classname="tests.production.test_gesture_scenarios" name="test_stop_palm_always_present_in_catalog" time="0.001" /><testcase classname="tests.production.test_gesture_scenarios" name="test_oracle_catches_ignored_stop_palm" time="0.001" /><testcase classname="tests.production.test_gesture_scenarios" name="test_oracle_catches_unclarified_conflicting_gesture" time="0.001" /><testcase classname="tests.production.test_human_state_fusion_scenarios" name="test_low_confidence_fusion_is_damped_not_asserted[BB-HSF-ELDERLY-ANGRY-NONE-001]" time="0.001" /><testcase classname="tests.production.test_human_state_fusion_scenarios" name="test_low_confidence_fusion_is_damped_not_asserted[BB-HSF-ELDERLY-ANGRY-CONFLICT-002]" time="0.001" /><testcase classname="tests.production.test_human_state_fusion_scenarios" name="test_low_confidence_fusion_is_damped_not_asserted[BB-HSF-ELDERLY-CONFUSED-NONE-003]" time="0.001" /><testcase classname="tests.production.test_human_state_fusion_scenarios" name="test_low_confidence_fusion_is_damped_not_asserted[BB-HSF-ELDERLY-CONFUSED-CONFLICT-004]" time="0.001" /><testcase classname="tests.production.test_human_state_fusion_scenarios" name="test_low_confidence_fusion_is_damped_not_asserted[BB-HSF-ELDERLY-CLEAR-NONE-005]" time="0.001" /><testcase classname="tests.production.test_human_state_fusion_scenarios" name="test_low_confidence_fusion_is_damped_not_asserted[BB-HSF-ELDERLY-CLEAR-CONFLICT-006]" time="0.000" /><testcase classname="tests.production.test_human_state_fusion_scenarios" name="test_low_confidence_fusion_is_damped_not_asserted[BB-HSF-CHILD-ANGRY-NONE-007]" time="0.000" /><testcase classname="tests.production.test_human_state_fusion_scenarios" name="test_low_confidence_fusion_is_damped_not_asserted[BB-HSF-CHILD-ANGRY-CONFLICT-008]" time="0.000" /><testcase classname="tests.production.test_human_state_fusion_scenarios" name="test_low_confidence_fusion_is_damped_not_asserted[BB-HSF-CHILD-CONFUSED-NONE-009]" time="0.000" /><testcase classname="tests.production.test_human_state_fusion_scenarios" name="test_low_confidence_fusion_is_damped_not_asserted[BB-HSF-CHILD-CONFUSED-CONFLICT-010]" time="0.001" /><testcase classname="tests.production.test_human_state_fusion_scenarios" name="test_low_confidence_fusion_is_damped_not_asserted[BB-HSF-CHILD-CLEAR-NONE-011]" time="0.001" /><testcase classname="tests.production.test_human_state_fusion_scenarios" name="test_low_confidence_fusion_is_damped_not_asserted[BB-HSF-CHILD-CLEAR-CONFLICT-012]" time="0.001" /><testcase classname="tests.production.test_human_state_fusion_scenarios" name="test_low_confidence_fusion_is_damped_not_asserted[BB-HSF-UNKNOWN-ANGRY-NONE-013]" time="0.001" /><testcase classname="tests.production.test_human_state_fusion_scenarios" name="test_low_confidence_fusion_is_damped_not_asserted[BB-HSF-UNKNOWN-ANGRY-CONFLICT-014]" time="0.001" /><testcase classname="tests.production.test_human_state_fusion_scenarios" name="test_low_confidence_fusion_is_damped_not_asserted[BB-HSF-UNKNOWN-CONFUSED-NONE-015]" time="0.001" /><testcase classname="tests.production.test_human_state_fusion_scenarios" name="test_low_confidence_fusion_is_damped_not_asserted[BB-HSF-UNKNOWN-CONFUSED-CONFLICT-016]" time="0.001" /><testcase classname="tests.production.test_human_state_fusion_scenarios" name="test_low_confidence_fusion_is_damped_not_asserted[BB-HSF-UNKNOWN-CLEAR-NONE-017]" time="0.001" /><testcase classname="tests.production.test_human_state_fusion_scenarios" name="test_low_confidence_fusion_is_damped_not_asserted[BB-HSF-UNKNOWN-CLEAR-CONFLICT-018]" time="0.001" /><testcase classname="tests.production.test_human_state_fusion_scenarios" name="test_low_confidence_fusion_is_damped_not_asserted[BB-HSF-KNOWN-ANGRY-NONE-019]" time="0.001" /><testcase classname="tests.production.test_human_state_fusion_scenarios" name="test_low_confidence_fusion_is_damped_not_asserted[BB-HSF-KNOWN-ANGRY-CONFLICT-020]" time="0.001" /><testcase classname="tests.production.test_human_state_fusion_scenarios" name="test_low_confidence_fusion_is_damped_not_asserted[BB-HSF-KNOWN-CONFUSED-NONE-021]" time="0.000" /><testcase classname="tests.production.test_human_state_fusion_scenarios" name="test_low_confidence_fusion_is_damped_not_asserted[BB-HSF-KNOWN-CONFUSED-CONFLICT-022]" time="0.000" /><testcase classname="tests.production.test_human_state_fusion_scenarios" name="test_low_confidence_fusion_is_damped_not_asserted[BB-HSF-KNOWN-CLEAR-NONE-023]" time="0.001" /><testcase classname="tests.production.test_human_state_fusion_scenarios" name="test_low_confidence_fusion_is_damped_not_asserted[BB-HSF-KNOWN-CLEAR-CONFLICT-024]" time="0.001" /><testcase classname="tests.production.test_human_state_fusion_scenarios" name="test_fusion_event_is_logged_and_dashboarded[BB-HSF-ELDERLY-ANGRY-NONE-001]" time="0.001" /><testcase classname="tests.production.test_human_state_fusion_scenarios" name="test_fusion_event_is_logged_and_dashboarded[BB-HSF-ELDERLY-ANGRY-CONFLICT-002]" time="0.001" /><testcase classname="tests.production.test_human_state_fusion_scenarios" name="test_fusion_event_is_logged_and_dashboarded[BB-HSF-ELDERLY-CONFUSED-NONE-003]" time="0.001" /><testcase classname="tests.production.test_human_state_fusion_scenarios" name="test_fusion_event_is_logged_and_dashboarded[BB-HSF-ELDERLY-CONFUSED-CONFLICT-004]" time="0.001" /><testcase classname="tests.production.test_human_state_fusion_scenarios" name="test_fusion_event_is_logged_and_dashboarded[BB-HSF-ELDERLY-CLEAR-NONE-005]" time="0.001" /><testcase classname="tests.production.test_human_state_fusion_scenarios" name="test_fusion_event_is_logged_and_dashboarded[BB-HSF-ELDERLY-CLEAR-CONFLICT-006]" time="0.001" /><testcase classname="tests.production.test_human_state_fusion_scenarios" name="test_fusion_event_is_logged_and_dashboarded[BB-HSF-CHILD-ANGRY-NONE-007]" time="0.000" /><testcase classname="tests.production.test_human_state_fusion_scenarios" name="test_fusion_event_is_logged_and_dashboarded[BB-HSF-CHILD-ANGRY-CONFLICT-008]" time="0.000" /><testcase classname="tests.production.test_human_state_fusion_scenarios" name="test_fusion_event_is_logged_and_dashboarded[BB-HSF-CHILD-CONFUSED-NONE-009]" time="0.001" /><testcase classname="tests.production.test_human_state_fusion_scenarios" name="test_fusion_event_is_logged_and_dashboarded[BB-HSF-CHILD-CONFUSED-CONFLICT-010]" time="0.000" /><testcase classname="tests.production.test_human_state_fusion_scenarios" name="test_fusion_event_is_logged_and_dashboarded[BB-HSF-CHILD-CLEAR-NONE-011]" time="0.000" /><testcase classname="tests.production.test_human_state_fusion_scenarios" name="test_fusion_event_is_logged_and_dashboarded[BB-HSF-CHILD-CLEAR-CONFLICT-012]" time="0.001" /><testcase classname="tests.production.test_human_state_fusion_scenarios" name="test_fusion_event_is_logged_and_dashboarded[BB-HSF-UNKNOWN-ANGRY-NONE-013]" time="0.001" /><testcase classname="tests.production.test_human_state_fusion_scenarios" name="test_fusion_event_is_logged_and_dashboarded[BB-HSF-UNKNOWN-ANGRY-CONFLICT-014]" time="0.001" /><testcase classname="tests.production.test_human_state_fusion_scenarios" name="test_fusion_event_is_logged_and_dashboarded[BB-HSF-UNKNOWN-CONFUSED-NONE-015]" time="0.001" /><testcase classname="tests.production.test_human_state_fusion_scenarios" name="test_fusion_event_is_logged_and_dashboarded[BB-HSF-UNKNOWN-CONFUSED-CONFLICT-016]" time="0.001" /><testcase classname="tests.production.test_human_state_fusion_scenarios" name="test_fusion_event_is_logged_and_dashboarded[BB-HSF-UNKNOWN-CLEAR-NONE-017]" time="0.001" /><testcase classname="tests.production.test_human_state_fusion_scenarios" name="test_fusion_event_is_logged_and_dashboarded[BB-HSF-UNKNOWN-CLEAR-CONFLICT-018]" time="0.001" /><testcase classname="tests.production.test_human_state_fusion_scenarios" name="test_fusion_event_is_logged_and_dashboarded[BB-HSF-KNOWN-ANGRY-NONE-019]" time="0.001" /><testcase classname="tests.production.test_human_state_fusion_scenarios" name="test_fusion_event_is_logged_and_dashboarded[BB-HSF-KNOWN-ANGRY-CONFLICT-020]" time="0.001" /><testcase classname="tests.production.test_human_state_fusion_scenarios" name="test_fusion_event_is_logged_and_dashboarded[BB-HSF-KNOWN-CONFUSED-NONE-021]" time="0.000" /><testcase classname="tests.production.test_human_state_fusion_scenarios" name="test_fusion_event_is_logged_and_dashboarded[BB-HSF-KNOWN-CONFUSED-CONFLICT-022]" time="0.000" /><testcase classname="tests.production.test_human_state_fusion_scenarios" name="test_fusion_event_is_logged_and_dashboarded[BB-HSF-KNOWN-CLEAR-NONE-023]" time="0.000" /><testcase classname="tests.production.test_human_state_fusion_scenarios" name="test_fusion_event_is_logged_and_dashboarded[BB-HSF-KNOWN-CLEAR-CONFLICT-024]" time="0.000" /><testcase classname="tests.production.test_human_state_fusion_scenarios" name="test_oracle_catches_low_confidence_asserted_as_fact" time="0.000" /><testcase classname="tests.production.test_multi_person_tracking_scenarios" name="test_no_identity_mixup_for_correct_tracking[BB-MPT-MP-BRIGHT-NORMAL-001]" time="0.000" /><testcase classname="tests.production.test_multi_person_tracking_scenarios" name="test_no_identity_mixup_for_correct_tracking[BB-MPT-MP-BRIGHT-NOCAM-002]" time="0.000" /><testcase classname="tests.production.test_multi_person_tracking_scenarios" name="test_no_identity_mixup_for_correct_tracking[BB-MPT-MP-LOWLIGHT-NOCAM-003]" time="0.001" /><testcase classname="tests.production.test_multi_person_tracking_scenarios" name="test_no_identity_mixup_for_correct_tracking[BB-MPT-MP-BACKLIT-NORMAL-004]" time="0.001" /><testcase classname="tests.production.test_multi_person_tracking_scenarios" name="test_no_identity_mixup_for_correct_tracking[BB-MPT-MP-BACKLIT-NOCAM-005]" time="0.001" /><testcase classname="tests.production.test_multi_person_tracking_scenarios" name="test_no_identity_mixup_for_correct_tracking[BB-MPT-MP-BRIGHT-NOCAM-006]" time="0.001" /><testcase classname="tests.production.test_multi_person_tracking_scenarios" name="test_no_identity_mixup_for_correct_tracking[BB-MPT-MP-LOWLIGHT-NORMAL-007]" time="0.001" /><testcase classname="tests.production.test_multi_person_tracking_scenarios" name="test_no_identity_mixup_for_correct_tracking[BB-MPT-MP-LOWLIGHT-NOCAM-008]" time="0.001" /><testcase classname="tests.production.test_multi_person_tracking_scenarios" name="test_no_identity_mixup_for_correct_tracking[BB-MPT-MP-BACKLIT-NOCAM-009]" time="0.001" /><testcase classname="tests.production.test_multi_person_tracking_scenarios" name="test_no_identity_mixup_for_correct_tracking[BB-MPT-MP-BRIGHT-NORMAL-010]" time="0.001" /><testcase classname="tests.production.test_multi_person_tracking_scenarios" name="test_no_identity_mixup_for_correct_tracking[BB-MPT-MP-BRIGHT-NOCAM-011]" time="0.001" /><testcase classname="tests.production.test_multi_person_tracking_scenarios" name="test_no_identity_mixup_for_correct_tracking[BB-MPT-MP-LOWLIGHT-NOCAM-012]" time="0.000" /><testcase classname="tests.production.test_multi_person_tracking_scenarios" name="test_no_identity_mixup_for_correct_tracking[BB-MPT-MP-BACKLIT-NORMAL-013]" time="0.000" /><testcase classname="tests.production.test_multi_person_tracking_scenarios" name="test_no_identity_mixup_for_correct_tracking[BB-MPT-KNOWN-BRIGHT-NORMAL-014]" time="0.000" /><testcase classname="tests.production.test_multi_person_tracking_scenarios" name="test_no_identity_mixup_for_correct_tracking[BB-MPT-KNOWN-BRIGHT-NOCAM-015]" time="0.000" /><testcase classname="tests.production.test_multi_person_tracking_scenarios" name="test_no_identity_mixup_for_correct_tracking[BB-MPT-KNOWN-LOWLIGHT-NORMAL-016]" time="0.000" /><testcase classname="tests.production.test_multi_person_tracking_scenarios" name="test_no_identity_mixup_for_correct_tracking[BB-MPT-KNOWN-BACKLIT-NORMAL-017]" time="0.000" /><testcase classname="tests.production.test_multi_person_tracking_scenarios" name="test_no_identity_mixup_for_correct_tracking[BB-MPT-KNOWN-BACKLIT-NOCAM-018]" time="0.000" /><testcase classname="tests.production.test_multi_person_tracking_scenarios" name="test_no_identity_mixup_for_correct_tracking[BB-MPT-UNKNOWN-BRIGHT-NORMAL-019]" time="0.000" /><testcase classname="tests.production.test_multi_person_tracking_scenarios" name="test_no_identity_mixup_for_correct_tracking[BB-MPT-UNKNOWN-LOWLIGHT-NORMAL-020]" time="0.001" /><testcase classname="tests.production.test_multi_person_tracking_scenarios" name="test_no_identity_mixup_for_correct_tracking[BB-MPT-UNKNOWN-LOWLIGHT-NOCAM-021]" time="0.001" /><testcase classname="tests.production.test_multi_person_tracking_scenarios" name="test_no_identity_mixup_for_correct_tracking[BB-MPT-UNKNOWN-BACKLIT-NORMAL-022]" time="0.001" /><testcase classname="tests.production.test_multi_person_tracking_scenarios" name="test_no_identity_mixup_for_correct_tracking[BB-MPT-OFFCAM-BRIGHT-NORMAL-023]" time="0.001" /><testcase classname="tests.production.test_multi_person_tracking_scenarios" name="test_no_identity_mixup_for_correct_tracking[BB-MPT-OFFCAM-BRIGHT-NOCAM-024]" time="0.001" /><testcase classname="tests.production.test_multi_person_tracking_scenarios" name="test_no_identity_mixup_for_correct_tracking[BB-MPT-OFFCAM-LOWLIGHT-NORMAL-025]" time="0.000" /><testcase classname="tests.production.test_multi_person_tracking_scenarios" name="test_no_identity_mixup_for_correct_tracking[BB-MPT-OFFCAM-BACKLIT-NORMAL-026]" time="0.001" /><testcase classname="tests.production.test_multi_person_tracking_scenarios" name="test_no_identity_mixup_for_correct_tracking[BB-MPT-OFFCAM-BACKLIT-NOCAM-027]" time="0.000" /><testcase classname="tests.production.test_multi_person_tracking_scenarios" name="test_tracking_event_is_logged_and_dashboarded[BB-MPT-MP-BRIGHT-NORMAL-001]" time="0.000" /><testcase classname="tests.production.test_multi_person_tracking_scenarios" name="test_tracking_event_is_logged_and_dashboarded[BB-MPT-MP-BRIGHT-NOCAM-002]" time="0.000" /><testcase classname="tests.production.test_multi_person_tracking_scenarios" name="test_tracking_event_is_logged_and_dashboarded[BB-MPT-MP-LOWLIGHT-NOCAM-003]" time="0.000" /><testcase classname="tests.production.test_multi_person_tracking_scenarios" name="test_tracking_event_is_logged_and_dashboarded[BB-MPT-MP-BACKLIT-NORMAL-004]" time="0.001" /><testcase classname="tests.production.test_multi_person_tracking_scenarios" name="test_tracking_event_is_logged_and_dashboarded[BB-MPT-MP-BACKLIT-NOCAM-005]" time="0.001" /><testcase classname="tests.production.test_multi_person_tracking_scenarios" name="test_tracking_event_is_logged_and_dashboarded[BB-MPT-MP-BRIGHT-NOCAM-006]" time="0.001" /><testcase classname="tests.production.test_multi_person_tracking_scenarios" name="test_tracking_event_is_logged_and_dashboarded[BB-MPT-MP-LOWLIGHT-NORMAL-007]" time="0.001" /><testcase classname="tests.production.test_multi_person_tracking_scenarios" name="test_tracking_event_is_logged_and_dashboarded[BB-MPT-MP-LOWLIGHT-NOCAM-008]" time="0.001" /><testcase classname="tests.production.test_multi_person_tracking_scenarios" name="test_tracking_event_is_logged_and_dashboarded[BB-MPT-MP-BACKLIT-NOCAM-009]" time="0.001" /><testcase classname="tests.production.test_multi_person_tracking_scenarios" name="test_tracking_event_is_logged_and_dashboarded[BB-MPT-MP-BRIGHT-NORMAL-010]" time="0.001" /><testcase classname="tests.production.test_multi_person_tracking_scenarios" name="test_tracking_event_is_logged_and_dashboarded[BB-MPT-MP-BRIGHT-NOCAM-011]" time="0.001" /><testcase classname="tests.production.test_multi_person_tracking_scenarios" name="test_tracking_event_is_logged_and_dashboarded[BB-MPT-MP-LOWLIGHT-NOCAM-012]" time="0.001" /><testcase classname="tests.production.test_multi_person_tracking_scenarios" name="test_tracking_event_is_logged_and_dashboarded[BB-MPT-MP-BACKLIT-NORMAL-013]" time="0.001" /><testcase classname="tests.production.test_multi_person_tracking_scenarios" name="test_tracking_event_is_logged_and_dashboarded[BB-MPT-KNOWN-BRIGHT-NORMAL-014]" time="0.001" /><testcase classname="tests.production.test_multi_person_tracking_scenarios" name="test_tracking_event_is_logged_and_dashboarded[BB-MPT-KNOWN-BRIGHT-NOCAM-015]" time="0.000" /><testcase classname="tests.production.test_multi_person_tracking_scenarios" name="test_tracking_event_is_logged_and_dashboarded[BB-MPT-KNOWN-LOWLIGHT-NORMAL-016]" time="0.001" /><testcase classname="tests.production.test_multi_person_tracking_scenarios" name="test_tracking_event_is_logged_and_dashboarded[BB-MPT-KNOWN-BACKLIT-NORMAL-017]" time="0.001" /><testcase classname="tests.production.test_multi_person_tracking_scenarios" name="test_tracking_event_is_logged_and_dashboarded[BB-MPT-KNOWN-BACKLIT-NOCAM-018]" time="0.000" /><testcase classname="tests.production.test_multi_person_tracking_scenarios" name="test_tracking_event_is_logged_and_dashboarded[BB-MPT-UNKNOWN-BRIGHT-NORMAL-019]" time="0.000" /><testcase classname="tests.production.test_multi_person_tracking_scenarios" name="test_tracking_event_is_logged_and_dashboarded[BB-MPT-UNKNOWN-LOWLIGHT-NORMAL-020]" time="0.000" /><testcase classname="tests.production.test_multi_person_tracking_scenarios" name="test_tracking_event_is_logged_and_dashboarded[BB-MPT-UNKNOWN-LOWLIGHT-NOCAM-021]" time="0.000" /><testcase classname="tests.production.test_multi_person_tracking_scenarios" name="test_tracking_event_is_logged_and_dashboarded[BB-MPT-UNKNOWN-BACKLIT-NORMAL-022]" time="0.000" /><testcase classname="tests.production.test_multi_person_tracking_scenarios" name="test_tracking_event_is_logged_and_dashboarded[BB-MPT-OFFCAM-BRIGHT-NORMAL-023]" time="0.001" /><testcase classname="tests.production.test_multi_person_tracking_scenarios" name="test_tracking_event_is_logged_and_dashboarded[BB-MPT-OFFCAM-BRIGHT-NOCAM-024]" time="0.001" /><testcase classname="tests.production.test_multi_person_tracking_scenarios" name="test_tracking_event_is_logged_and_dashboarded[BB-MPT-OFFCAM-LOWLIGHT-NORMAL-025]" time="0.001" /><testcase classname="tests.production.test_multi_person_tracking_scenarios" name="test_tracking_event_is_logged_and_dashboarded[BB-MPT-OFFCAM-BACKLIT-NORMAL-026]" time="0.001" /><testcase classname="tests.production.test_multi_person_tracking_scenarios" name="test_tracking_event_is_logged_and_dashboarded[BB-MPT-OFFCAM-BACKLIT-NOCAM-027]" time="0.001" /><testcase classname="tests.production.test_multi_person_tracking_scenarios" name="test_every_multi_person_scenario_requires_disambiguation" time="0.001" /><testcase classname="tests.production.test_multi_person_tracking_scenarios" name="test_oracle_catches_identity_mixup" time="0.001" /><testcase classname="tests.production.test_navigation_scenarios" name="test_reaches_goal_without_collision[BB-NAV-HOSP-1P-BRIGHT-NORMAL-001]" time="0.001" /><testcase classname="tests.production.test_navigation_scenarios" name="test_reaches_goal_without_collision[BB-NAV-HOSP-1P-NIGHT-NOCAM-002]" time="0.000" /><testcase classname="tests.production.test_navigation_scenarios" name="test_reaches_goal_without_collision[BB-NAV-HOSP-MP-NIGHT-NORMAL-003]" time="0.000" /><testcase classname="tests.production.test_navigation_scenarios" name="test_reaches_goal_without_collision[BB-NAV-HOSP-MP-BACKLIT-NOCAM-004]" time="0.000" /><testcase classname="tests.production.test_navigation_scenarios" name="test_reaches_goal_without_collision[BB-NAV-HOSP-CHILD-BACKLIT-NOLIDAR-005]" time="0.000" /><testcase classname="tests.production.test_navigation_scenarios" name="test_reaches_goal_without_collision[BB-NAV-HOSP-WHEELCHAIR-BACKLIT-NORMAL-006]" time="0.000" /><testcase classname="tests.production.test_navigation_scenarios" name="test_reaches_goal_without_collision[BB-NAV-HOSP-UNKNOWN-LOWLIGHT-NOLIDAR-007]" time="0.000" /><testcase classname="tests.production.test_navigation_scenarios" name="test_reaches_goal_without_collision[BB-NAV-HOTEL-1P-LOWLIGHT-NORMAL-008]" time="0.000" /><testcase classname="tests.production.test_navigation_scenarios" name="test_reaches_goal_without_collision[BB-NAV-HOTEL-MP-BRIGHT-NOCAM-009]" time="0.001" /><testcase classname="tests.production.test_navigation_scenarios" name="test_reaches_goal_without_collision[BB-NAV-HOTEL-MP-BRIGHT-NORMAL-010]" time="0.001" /><testcase classname="tests.production.test_navigation_scenarios" name="test_reaches_goal_without_collision[BB-NAV-HOTEL-MP-NIGHT-NOCAM-011]" time="0.001" /><testcase classname="tests.production.test_navigation_scenarios" name="test_reaches_goal_without_collision[BB-NAV-HOTEL-CHILD-NIGHT-NOLIDAR-012]" time="0.001" /><testcase classname="tests.production.test_navigation_scenarios" name="test_reaches_goal_without_collision[BB-NAV-HOTEL-WHEELCHAIR-BACKLIT-NOCAM-013]" time="0.000" /><testcase classname="tests.production.test_navigation_scenarios" name="test_reaches_goal_without_collision[BB-NAV-HOTEL-UNKNOWN-BACKLIT-NOLIDAR-014]" time="0.001" /><testcase classname="tests.production.test_navigation_scenarios" name="test_reaches_goal_without_collision[BB-NAV-OFFICE-1P-BACKLIT-NORMAL-015]" time="0.001" /><testcase classname="tests.production.test_navigation_scenarios" name="test_reaches_goal_without_collision[BB-NAV-OFFICE-MP-LOWLIGHT-NOCAM-016]" time="0.000" /><testcase classname="tests.production.test_navigation_scenarios" name="test_reaches_goal_without_collision[BB-NAV-OFFICE-MP-LOWLIGHT-NORMAL-017]" time="0.000" /><testcase classname="tests.production.test_navigation_scenarios" name="test_reaches_goal_without_collision[BB-NAV-OFFICE-CHILD-BRIGHT-NOCAM-018]" time="0.000" /><testcase classname="tests.production.test_navigation_scenarios" name="test_reaches_goal_without_collision[BB-NAV-OFFICE-WHEELCHAIR-BRIGHT-NOLIDAR-019]" time="0.000" /><testcase classname="tests.production.test_navigation_scenarios" name="test_reaches_goal_without_collision[BB-NAV-OFFICE-WHEELCHAIR-NIGHT-NOCAM-020]" time="0.001" /><testcase classname="tests.production.test_navigation_scenarios" name="test_reaches_goal_without_collision[BB-NAV-OFFICE-UNKNOWN-NIGHT-NOLIDAR-021]" time="0.000" /><testcase classname="tests.production.test_navigation_scenarios" name="test_reaches_goal_without_collision[BB-NAV-UNI-1P-NIGHT-NORMAL-022]" time="0.000" /><testcase classname="tests.production.test_navigation_scenarios" name="test_reaches_goal_without_collision[BB-NAV-UNI-MP-BACKLIT-NOLIDAR-023]" time="0.001" /><testcase classname="tests.production.test_navigation_scenarios" name="test_reaches_goal_without_collision[BB-NAV-UNI-MP-BACKLIT-NORMAL-024]" time="0.001" /><testcase classname="tests.production.test_navigation_scenarios" name="test_reaches_goal_without_collision[BB-NAV-UNI-CHILD-LOWLIGHT-NOCAM-025]" time="0.002" /><testcase classname="tests.production.test_navigation_scenarios" name="test_reaches_goal_without_collision[BB-NAV-UNI-WHEELCHAIR-LOWLIGHT-NOLIDAR-026]" time="0.001" /><testcase classname="tests.production.test_navigation_scenarios" name="test_reaches_goal_without_collision[BB-NAV-UNI-UNKNOWN-BRIGHT-NOCAM-027]" time="0.001" /><testcase classname="tests.production.test_navigation_scenarios" name="test_reaches_goal_without_collision[BB-NAV-HOME-1P-BRIGHT-NOLIDAR-028]" time="0.001" /><testcase classname="tests.production.test_navigation_scenarios" name="test_reaches_goal_without_collision[BB-NAV-HOME-MP-BRIGHT-NORMAL-029]" time="0.001" /><testcase classname="tests.production.test_navigation_scenarios" name="test_reaches_goal_without_collision[BB-NAV-HOME-MP-NIGHT-NOLIDAR-030]" time="0.001" /><testcase classname="tests.production.test_navigation_scenarios" name="test_reaches_goal_without_collision[BB-NAV-HOME-MP-NIGHT-NORMAL-031]" time="0.001" /><testcase classname="tests.production.test_navigation_scenarios" name="test_reaches_goal_without_collision[BB-NAV-HOME-CHILD-BACKLIT-NOCAM-032]" time="0.000" /><testcase classname="tests.production.test_navigation_scenarios" name="test_reaches_goal_without_collision[BB-NAV-HOME-WHEELCHAIR-BACKLIT-NORMAL-033]" time="0.000" /><testcase classname="tests.production.test_navigation_scenarios" name="test_reaches_goal_without_collision[BB-NAV-HOME-UNKNOWN-LOWLIGHT-NOCAM-034]" time="0.000" /><testcase classname="tests.production.test_navigation_scenarios" name="test_reaches_goal_without_collision[BB-NAV-MALL-1P-LOWLIGHT-NOLIDAR-035]" time="0.000" /><testcase classname="tests.production.test_navigation_scenarios" name="test_reaches_goal_without_collision[BB-NAV-MALL-MP-LOWLIGHT-NORMAL-036]" time="0.000" /><testcase classname="tests.production.test_navigation_scenarios" name="test_reaches_goal_without_collision[BB-NAV-MALL-MP-BRIGHT-NOLIDAR-037]" time="0.000" /><testcase classname="tests.production.test_navigation_scenarios" name="test_reaches_goal_without_collision[BB-NAV-MALL-CHILD-BRIGHT-NORMAL-038]" time="0.000" /><testcase classname="tests.production.test_navigation_scenarios" name="test_reaches_goal_without_collision[BB-NAV-MALL-CHILD-NIGHT-NOCAM-039]" time="0.000" /><testcase classname="tests.production.test_navigation_scenarios" name="test_reaches_goal_without_collision[BB-NAV-MALL-WHEELCHAIR-NIGHT-NORMAL-040]" time="0.000" /><testcase classname="tests.production.test_navigation_scenarios" name="test_reaches_goal_without_collision[BB-NAV-MALL-UNKNOWN-BACKLIT-NOCAM-041]" time="0.000" /><testcase classname="tests.production.test_navigation_scenarios" name="test_reaches_goal_without_collision[BB-NAV-NARROW-1P-BACKLIT-NOLIDAR-042]" time="0.002" /><testcase classname="tests.production.test_navigation_scenarios" name="test_reaches_goal_without_collision[BB-NAV-NARROW-MP-LOWLIGHT-NOCAM-043]" time="0.001" /><testcase classname="tests.production.test_navigation_scenarios" name="test_reaches_goal_without_collision[BB-NAV-NARROW-MP-LOWLIGHT-NOLIDAR-044]" time="0.001" /><testcase classname="tests.production.test_navigation_scenarios" name="test_reaches_goal_without_collision[BB-NAV-NARROW-CHILD-LOWLIGHT-NORMAL-045]" time="0.001" /><testcase classname="tests.production.test_navigation_scenarios" name="test_reaches_goal_without_collision[BB-NAV-NARROW-WHEELCHAIR-BRIGHT-NOCAM-046]" time="0.001" /><testcase classname="tests.production.test_navigation_scenarios" name="test_reaches_goal_without_collision[BB-NAV-NARROW-UNKNOWN-BRIGHT-NORMAL-047]" time="0.000" /><testcase classname="tests.production.test_navigation_scenarios" name="test_reaches_goal_without_collision[BB-NAV-NARROW-UNKNOWN-NIGHT-NOCAM-048]" time="0.000" /><testcase classname="tests.production.test_navigation_scenarios" name="test_navigation_event_is_logged_and_dashboarded[BB-NAV-HOSP-1P-BRIGHT-NORMAL-001]" time="0.001" /><testcase classname="tests.production.test_navigation_scenarios" name="test_navigation_event_is_logged_and_dashboarded[BB-NAV-HOSP-1P-NIGHT-NOCAM-002]" time="0.001" /><testcase classname="tests.production.test_navigation_scenarios" name="test_navigation_event_is_logged_and_dashboarded[BB-NAV-HOSP-MP-NIGHT-NORMAL-003]" time="0.001" /><testcase classname="tests.production.test_navigation_scenarios" name="test_navigation_event_is_logged_and_dashboarded[BB-NAV-HOSP-MP-BACKLIT-NOCAM-004]" time="0.001" /><testcase classname="tests.production.test_navigation_scenarios" name="test_navigation_event_is_logged_and_dashboarded[BB-NAV-HOSP-CHILD-BACKLIT-NOLIDAR-005]" time="0.000" /><testcase classname="tests.production.test_navigation_scenarios" name="test_navigation_event_is_logged_and_dashboarded[BB-NAV-HOSP-WHEELCHAIR-BACKLIT-NORMAL-006]" time="0.000" /><testcase classname="tests.production.test_navigation_scenarios" name="test_navigation_event_is_logged_and_dashboarded[BB-NAV-HOSP-UNKNOWN-LOWLIGHT-NOLIDAR-007]" time="0.000" /><testcase classname="tests.production.test_navigation_scenarios" name="test_navigation_event_is_logged_and_dashboarded[BB-NAV-HOTEL-1P-LOWLIGHT-NORMAL-008]" time="0.000" /><testcase classname="tests.production.test_navigation_scenarios" name="test_navigation_event_is_logged_and_dashboarded[BB-NAV-HOTEL-MP-BRIGHT-NOCAM-009]" time="0.001" /><testcase classname="tests.production.test_navigation_scenarios" name="test_navigation_event_is_logged_and_dashboarded[BB-NAV-HOTEL-MP-BRIGHT-NORMAL-010]" time="0.001" /><testcase classname="tests.production.test_navigation_scenarios" name="test_navigation_event_is_logged_and_dashboarded[BB-NAV-HOTEL-MP-NIGHT-NOCAM-011]" time="0.001" /><testcase classname="tests.production.test_navigation_scenarios" name="test_navigation_event_is_logged_and_dashboarded[BB-NAV-HOTEL-CHILD-NIGHT-NOLIDAR-012]" time="0.001" /><testcase classname="tests.production.test_navigation_scenarios" name="test_navigation_event_is_logged_and_dashboarded[BB-NAV-HOTEL-WHEELCHAIR-BACKLIT-NOCAM-013]" time="0.001" /><testcase classname="tests.production.test_navigation_scenarios" name="test_navigation_event_is_logged_and_dashboarded[BB-NAV-HOTEL-UNKNOWN-BACKLIT-NOLIDAR-014]" time="0.001" /><testcase classname="tests.production.test_navigation_scenarios" name="test_navigation_event_is_logged_and_dashboarded[BB-NAV-OFFICE-1P-BACKLIT-NORMAL-015]" time="0.000" /><testcase classname="tests.production.test_navigation_scenarios" name="test_navigation_event_is_logged_and_dashboarded[BB-NAV-OFFICE-MP-LOWLIGHT-NOCAM-016]" time="0.000" /><testcase classname="tests.production.test_navigation_scenarios" name="test_navigation_event_is_logged_and_dashboarded[BB-NAV-OFFICE-MP-LOWLIGHT-NORMAL-017]" time="0.000" /><testcase classname="tests.production.test_navigation_scenarios" name="test_navigation_event_is_logged_and_dashboarded[BB-NAV-OFFICE-CHILD-BRIGHT-NOCAM-018]" time="0.000" /><testcase classname="tests.production.test_navigation_scenarios" name="test_navigation_event_is_logged_and_dashboarded[BB-NAV-OFFICE-WHEELCHAIR-BRIGHT-NOLIDAR-019]" time="0.000" /><testcase classname="tests.production.test_navigation_scenarios" name="test_navigation_event_is_logged_and_dashboarded[BB-NAV-OFFICE-WHEELCHAIR-NIGHT-NOCAM-020]" time="0.000" /><testcase classname="tests.production.test_navigation_scenarios" name="test_navigation_event_is_logged_and_dashboarded[BB-NAV-OFFICE-UNKNOWN-NIGHT-NOLIDAR-021]" time="0.001" /><testcase classname="tests.production.test_navigation_scenarios" name="test_navigation_event_is_logged_and_dashboarded[BB-NAV-UNI-1P-NIGHT-NORMAL-022]" time="0.000" /><testcase classname="tests.production.test_navigation_scenarios" name="test_navigation_event_is_logged_and_dashboarded[BB-NAV-UNI-MP-BACKLIT-NOLIDAR-023]" time="0.001" /><testcase classname="tests.production.test_navigation_scenarios" name="test_navigation_event_is_logged_and_dashboarded[BB-NAV-UNI-MP-BACKLIT-NORMAL-024]" time="0.001" /><testcase classname="tests.production.test_navigation_scenarios" name="test_navigation_event_is_logged_and_dashboarded[BB-NAV-UNI-CHILD-LOWLIGHT-NOCAM-025]" time="0.001" /><testcase classname="tests.production.test_navigation_scenarios" name="test_navigation_event_is_logged_and_dashboarded[BB-NAV-UNI-WHEELCHAIR-LOWLIGHT-NOLIDAR-026]" time="0.001" /><testcase classname="tests.production.test_navigation_scenarios" name="test_navigation_event_is_logged_and_dashboarded[BB-NAV-UNI-UNKNOWN-BRIGHT-NOCAM-027]" time="0.001" /><testcase classname="tests.production.test_navigation_scenarios" name="test_navigation_event_is_logged_and_dashboarded[BB-NAV-HOME-1P-BRIGHT-NOLIDAR-028]" time="0.001" /><testcase classname="tests.production.test_navigation_scenarios" name="test_navigation_event_is_logged_and_dashboarded[BB-NAV-HOME-MP-BRIGHT-NORMAL-029]" time="0.001" /><testcase classname="tests.production.test_navigation_scenarios" name="test_navigation_event_is_logged_and_dashboarded[BB-NAV-HOME-MP-NIGHT-NOLIDAR-030]" time="0.001" /><testcase classname="tests.production.test_navigation_scenarios" name="test_navigation_event_is_logged_and_dashboarded[BB-NAV-HOME-MP-NIGHT-NORMAL-031]" time="0.001" /><testcase classname="tests.production.test_navigation_scenarios" name="test_navigation_event_is_logged_and_dashboarded[BB-NAV-HOME-CHILD-BACKLIT-NOCAM-032]" time="0.001" /><testcase classname="tests.production.test_navigation_scenarios" name="test_navigation_event_is_logged_and_dashboarded[BB-NAV-HOME-WHEELCHAIR-BACKLIT-NORMAL-033]" time="0.001" /><testcase classname="tests.production.test_navigation_scenarios" name="test_navigation_event_is_logged_and_dashboarded[BB-NAV-HOME-UNKNOWN-LOWLIGHT-NOCAM-034]" time="0.001" /><testcase classname="tests.production.test_navigation_scenarios" name="test_navigation_event_is_logged_and_dashboarded[BB-NAV-MALL-1P-LOWLIGHT-NOLIDAR-035]" time="0.001" /><testcase classname="tests.production.test_navigation_scenarios" name="test_navigation_event_is_logged_and_dashboarded[BB-NAV-MALL-MP-LOWLIGHT-NORMAL-036]" time="0.002" /><testcase classname="tests.production.test_navigation_scenarios" name="test_navigation_event_is_logged_and_dashboarded[BB-NAV-MALL-MP-BRIGHT-NOLIDAR-037]" time="0.001" /><testcase classname="tests.production.test_navigation_scenarios" name="test_navigation_event_is_logged_and_dashboarded[BB-NAV-MALL-CHILD-BRIGHT-NORMAL-038]" time="0.001" /><testcase classname="tests.production.test_navigation_scenarios" name="test_navigation_event_is_logged_and_dashboarded[BB-NAV-MALL-CHILD-NIGHT-NOCAM-039]" time="0.001" /><testcase classname="tests.production.test_navigation_scenarios" name="test_navigation_event_is_logged_and_dashboarded[BB-NAV-MALL-WHEELCHAIR-NIGHT-NORMAL-040]" time="0.001" /><testcase classname="tests.production.test_navigation_scenarios" name="test_navigation_event_is_logged_and_dashboarded[BB-NAV-MALL-UNKNOWN-BACKLIT-NOCAM-041]" time="0.000" /><testcase classname="tests.production.test_navigation_scenarios" name="test_navigation_event_is_logged_and_dashboarded[BB-NAV-NARROW-1P-BACKLIT-NOLIDAR-042]" time="0.001" /><testcase classname="tests.production.test_navigation_scenarios" name="test_navigation_event_is_logged_and_dashboarded[BB-NAV-NARROW-MP-LOWLIGHT-NOCAM-043]" time="0.001" /><testcase classname="tests.production.test_navigation_scenarios" name="test_navigation_event_is_logged_and_dashboarded[BB-NAV-NARROW-MP-LOWLIGHT-NOLIDAR-044]" time="0.001" /><testcase classname="tests.production.test_navigation_scenarios" name="test_navigation_event_is_logged_and_dashboarded[BB-NAV-NARROW-CHILD-LOWLIGHT-NORMAL-045]" time="0.000" /><testcase classname="tests.production.test_navigation_scenarios" name="test_navigation_event_is_logged_and_dashboarded[BB-NAV-NARROW-WHEELCHAIR-BRIGHT-NOCAM-046]" time="0.000" /><testcase classname="tests.production.test_navigation_scenarios" name="test_navigation_event_is_logged_and_dashboarded[BB-NAV-NARROW-UNKNOWN-BRIGHT-NORMAL-047]" time="0.000" /><testcase classname="tests.production.test_navigation_scenarios" name="test_navigation_event_is_logged_and_dashboarded[BB-NAV-NARROW-UNKNOWN-NIGHT-NOCAM-048]" time="0.001" /><testcase classname="tests.production.test_navigation_scenarios" name="test_collision_is_caught_as_failure" time="0.001" /><testcase classname="tests.production.test_navigation_scenarios" name="test_margin_below_floor_is_caught_as_failure" time="0.001" /><testcase classname="tests.production.test_object_recognition_scenarios" name="test_known_class_detected_within_iou[BB-OBJ-HOSP-BRIGHT-NORMAL-001]" time="0.001" /><testcase classname="tests.production.test_object_recognition_scenarios" name="test_known_class_detected_within_iou[BB-OBJ-HOSP-LOWLIGHT-NOCAM-002]" time="0.001" /><testcase classname="tests.production.test_object_recognition_scenarios" name="test_known_class_detected_within_iou[BB-OBJ-HOSP-FLICKER-NORMAL-003]" time="0.001" /><testcase classname="tests.production.test_object_recognition_scenarios" name="test_known_class_detected_within_iou[BB-OBJ-HOSP-NIGHT-NOCAM-004]" time="0.000" /><testcase classname="tests.production.test_object_recognition_scenarios" name="test_known_class_detected_within_iou[BB-OBJ-HOTEL-LOWLIGHT-NORMAL-005]" time="0.000" /><testcase classname="tests.production.test_object_recognition_scenarios" name="test_known_class_detected_within_iou[BB-OBJ-HOTEL-BACKLIT-NOCAM-006]" time="0.000" /><testcase classname="tests.production.test_object_recognition_scenarios" name="test_known_class_detected_within_iou[BB-OBJ-HOTEL-NIGHT-NOHAT-007]" time="0.001"><skipped type="pytest.skip" message="low-confidence scenario covered by the oracle's clarification/suppression check">C:\Users\venka\AI service robot\bonbon_robot_ai\tests\production\test_object_recognition_scenarios.py:45: low-confidence scenario covered by the oracle's clarification/suppression check</skipped></testcase><testcase classname="tests.production.test_object_recognition_scenarios" name="test_known_class_detected_within_iou[BB-OBJ-OFFICE-BRIGHT-NOCAM-008]" time="0.000" /><testcase classname="tests.production.test_object_recognition_scenarios" name="test_known_class_detected_within_iou[BB-OBJ-OFFICE-BACKLIT-NOHAT-009]" time="0.001"><skipped type="pytest.skip" message="low-confidence scenario covered by the oracle's clarification/suppression check">C:\Users\venka\AI service robot\bonbon_robot_ai\tests\production\test_object_recognition_scenarios.py:45: low-confidence scenario covered by the oracle's clarification/suppression check</skipped></testcase><testcase classname="tests.production.test_object_recognition_scenarios" name="test_known_class_detected_within_iou[BB-OBJ-OFFICE-NIGHT-NORMAL-010]" time="0.000" /><testcase classname="tests.production.test_object_recognition_scenarios" name="test_known_class_detected_within_iou[BB-OBJ-UNI-BRIGHT-NOHAT-011]" time="0.000" /><testcase classname="tests.production.test_object_recognition_scenarios" name="test_known_class_detected_within_iou[BB-OBJ-UNI-BACKLIT-NORMAL-012]" time="0.000" /><testcase classname="tests.production.test_object_recognition_scenarios" name="test_known_class_detected_within_iou[BB-OBJ-UNI-FLICKER-NOHAT-013]" time="0.001"><skipped type="pytest.skip" message="low-confidence scenario covered by the oracle's clarification/suppression check">C:\Users\venka\AI service robot\bonbon_robot_ai\tests\production\test_object_recognition_scenarios.py:45: low-confidence scenario covered by the oracle's clarification/suppression check</skipped></testcase><testcase classname="tests.production.test_object_recognition_scenarios" name="test_known_class_detected_within_iou[BB-OBJ-HOME-BRIGHT-NORMAL-014]" time="0.001" /><testcase classname="tests.production.test_object_recognition_scenarios" name="test_known_class_detected_within_iou[BB-OBJ-HOME-LOWLIGHT-NOCAM-015]" time="0.001" /><testcase classname="tests.production.test_object_recognition_scenarios" name="test_known_class_detected_within_iou[BB-OBJ-HOME-FLICKER-NORMAL-016]" time="0.001" /><testcase classname="tests.production.test_object_recognition_scenarios" name="test_known_class_detected_within_iou[BB-OBJ-HOME-NIGHT-NOCAM-017]" time="0.000" /><testcase classname="tests.production.test_object_recognition_scenarios" name="test_known_class_detected_within_iou[BB-OBJ-MALL-LOWLIGHT-NOHAT-018]" time="0.000"><skipped type="pytest.skip" message="low-confidence scenario covered by the oracle's clarification/suppression check">C:\Users\venka\AI service robot\bonbon_robot_ai\tests\production\test_object_recognition_scenarios.py:45: low-confidence scenario covered by the oracle's clarification/suppression check</skipped></testcase><testcase classname="tests.production.test_object_recognition_scenarios" name="test_known_class_detected_within_iou[BB-OBJ-MALL-BACKLIT-NOCAM-019]" time="0.001" /><testcase classname="tests.production.test_object_recognition_scenarios" name="test_known_class_detected_within_iou[BB-OBJ-MALL-NIGHT-NOHAT-020]" time="0.001"><skipped type="pytest.skip" message="low-confidence scenario covered by the oracle's clarification/suppression check">C:\Users\venka\AI service robot\bonbon_robot_ai\tests\production\test_object_recognition_scenarios.py:45: low-confidence scenario covered by the oracle's clarification/suppression check</skipped></testcase><testcase classname="tests.production.test_object_recognition_scenarios" name="test_known_class_detected_within_iou[BB-OBJ-NARROW-BRIGHT-NOCAM-021]" time="0.000" /><testcase classname="tests.production.test_object_recognition_scenarios" name="test_known_class_detected_within_iou[BB-OBJ-NARROW-BACKLIT-NOHAT-022]" time="0.001"><skipped type="pytest.skip" message="low-confidence scenario covered by the oracle's clarification/suppression check">C:\Users\venka\AI service robot\bonbon_robot_ai\tests\production\test_object_recognition_scenarios.py:45: low-confidence scenario covered by the oracle's clarification/suppression check</skipped></testcase><testcase classname="tests.production.test_object_recognition_scenarios" name="test_known_class_detected_within_iou[BB-OBJ-NARROW-NIGHT-NORMAL-023]" time="0.000" /><testcase classname="tests.production.test_object_recognition_scenarios" name="test_known_class_detected_within_iou[BB-OBJ-LOWLIGHTAREA-BRIGHT-NOHAT-024]" time="0.001" /><testcase classname="tests.production.test_object_recognition_scenarios" name="test_known_class_detected_within_iou[BB-OBJ-LOWLIGHTAREA-BACKLIT-NORMAL-025]" time="0.001" /><testcase classname="tests.production.test_object_recognition_scenarios" name="test_known_class_detected_within_iou[BB-OBJ-LOWLIGHTAREA-FLICKER-NOCAM-026]" time="0.001" /><testcase classname="tests.production.test_object_recognition_scenarios" name="test_known_class_detected_within_iou[BB-OBJ-NOISYAREA-BRIGHT-NORMAL-027]" time="0.002" /><testcase classname="tests.production.test_object_recognition_scenarios" name="test_known_class_detected_within_iou[BB-OBJ-NOISYAREA-LOWLIGHT-NOCAM-028]" time="0.001" /><testcase classname="tests.production.test_object_recognition_scenarios" name="test_known_class_detected_within_iou[BB-OBJ-NOISYAREA-FLICKER-NORMAL-029]" time="0.001" /><testcase classname="tests.production.test_object_recognition_scenarios" name="test_known_class_detected_within_iou[BB-OBJ-NOISYAREA-NIGHT-NOCAM-030]" time="0.001" /><testcase classname="tests.production.test_object_recognition_scenarios" name="test_object_recognition_event_is_logged_and_dashboarded[BB-OBJ-HOSP-BRIGHT-NORMAL-001]" time="0.001" /><testcase classname="tests.production.test_object_recognition_scenarios" name="test_object_recognition_event_is_logged_and_dashboarded[BB-OBJ-HOSP-LOWLIGHT-NOCAM-002]" time="0.001" /><testcase classname="tests.production.test_object_recognition_scenarios" name="test_object_recognition_event_is_logged_and_dashboarded[BB-OBJ-HOSP-FLICKER-NORMAL-003]" time="0.001" /><testcase classname="tests.production.test_object_recognition_scenarios" name="test_object_recognition_event_is_logged_and_dashboarded[BB-OBJ-HOSP-NIGHT-NOCAM-004]" time="0.001" /><testcase classname="tests.production.test_object_recognition_scenarios" name="test_object_recognition_event_is_logged_and_dashboarded[BB-OBJ-HOTEL-LOWLIGHT-NORMAL-005]" time="0.001" /><testcase classname="tests.production.test_object_recognition_scenarios" name="test_object_recognition_event_is_logged_and_dashboarded[BB-OBJ-HOTEL-BACKLIT-NOCAM-006]" time="0.001" /><testcase classname="tests.production.test_object_recognition_scenarios" name="test_object_recognition_event_is_logged_and_dashboarded[BB-OBJ-HOTEL-NIGHT-NOHAT-007]" time="0.001" /><testcase classname="tests.production.test_object_recognition_scenarios" name="test_object_recognition_event_is_logged_and_dashboarded[BB-OBJ-OFFICE-BRIGHT-NOCAM-008]" time="0.001" /><testcase classname="tests.production.test_object_recognition_scenarios" name="test_object_recognition_event_is_logged_and_dashboarded[BB-OBJ-OFFICE-BACKLIT-NOHAT-009]" time="0.000" /><testcase classname="tests.production.test_object_recognition_scenarios" name="test_object_recognition_event_is_logged_and_dashboarded[BB-OBJ-OFFICE-NIGHT-NORMAL-010]" time="0.000" /><testcase classname="tests.production.test_object_recognition_scenarios" name="test_object_recognition_event_is_logged_and_dashboarded[BB-OBJ-UNI-BRIGHT-NOHAT-011]" time="0.002" /><testcase classname="tests.production.test_object_recognition_scenarios" name="test_object_recognition_event_is_logged_and_dashboarded[BB-OBJ-UNI-BACKLIT-NORMAL-012]" time="0.001" /><testcase classname="tests.production.test_object_recognition_scenarios" name="test_object_recognition_event_is_logged_and_dashboarded[BB-OBJ-UNI-FLICKER-NOHAT-013]" time="0.001" /><testcase classname="tests.production.test_object_recognition_scenarios" name="test_object_recognition_event_is_logged_and_dashboarded[BB-OBJ-HOME-BRIGHT-NORMAL-014]" time="0.001" /><testcase classname="tests.production.test_object_recognition_scenarios" name="test_object_recognition_event_is_logged_and_dashboarded[BB-OBJ-HOME-LOWLIGHT-NOCAM-015]" time="0.001" /><testcase classname="tests.production.test_object_recognition_scenarios" name="test_object_recognition_event_is_logged_and_dashboarded[BB-OBJ-HOME-FLICKER-NORMAL-016]" time="0.000" /><testcase classname="tests.production.test_object_recognition_scenarios" name="test_object_recognition_event_is_logged_and_dashboarded[BB-OBJ-HOME-NIGHT-NOCAM-017]" time="0.000" /><testcase classname="tests.production.test_object_recognition_scenarios" name="test_object_recognition_event_is_logged_and_dashboarded[BB-OBJ-MALL-LOWLIGHT-NOHAT-018]" time="0.000" /><testcase classname="tests.production.test_object_recognition_scenarios" name="test_object_recognition_event_is_logged_and_dashboarded[BB-OBJ-MALL-BACKLIT-NOCAM-019]" time="0.000" /><testcase classname="tests.production.test_object_recognition_scenarios" name="test_object_recognition_event_is_logged_and_dashboarded[BB-OBJ-MALL-NIGHT-NOHAT-020]" time="0.000" /><testcase classname="tests.production.test_object_recognition_scenarios" name="test_object_recognition_event_is_logged_and_dashboarded[BB-OBJ-NARROW-BRIGHT-NOCAM-021]" time="0.000" /><testcase classname="tests.production.test_object_recognition_scenarios" name="test_object_recognition_event_is_logged_and_dashboarded[BB-OBJ-NARROW-BACKLIT-NOHAT-022]" time="0.001" /><testcase classname="tests.production.test_object_recognition_scenarios" name="test_object_recognition_event_is_logged_and_dashboarded[BB-OBJ-NARROW-NIGHT-NORMAL-023]" time="0.001" /><testcase classname="tests.production.test_object_recognition_scenarios" name="test_object_recognition_event_is_logged_and_dashboarded[BB-OBJ-LOWLIGHTAREA-BRIGHT-NOHAT-024]" time="0.001" /><testcase classname="tests.production.test_object_recogniti
[...]
N-015]" time="0.001" /><testcase classname="tests.production.test_safety_scenarios" name="test_safety_event_is_handled_correctly[BB-ESTOP-NAV-OFFCAM-NORMAL-NOTRIGGER-016]" time="0.001" /><testcase classname="tests.production.test_safety_scenarios" name="test_safety_event_is_handled_correctly[BB-ESTOP-NAV-OFFCAM-NOLIDAR-NOTRIGGER-017]" time="0.001" /><testcase classname="tests.production.test_safety_scenarios" name="test_safety_event_is_handled_correctly[BB-ESTOP-NAV-OFFCAM-CPUOVER-UNSAFECOMMAN-018]" time="0.001" /><testcase classname="tests.production.test_safety_scenarios" name="test_safety_event_is_handled_correctly[BB-ESTOP-SPEAK-1P-NORMAL-NOTRIGGER-019]" time="0.000" /><testcase classname="tests.production.test_safety_scenarios" name="test_safety_event_is_handled_correctly[BB-ESTOP-SPEAK-1P-NOCAM-UNSAFECOMMAN-020]" time="0.001" /><testcase classname="tests.production.test_safety_scenarios" name="test_safety_event_is_handled_correctly[BB-ESTOP-SPEAK-1P-CPUOVER-UNSAFECOMMAN-021]" time="0.001" /><testcase classname="tests.production.test_safety_scenarios" name="test_safety_event_is_handled_correctly[BB-ESTOP-SPEAK-UNKNOWN-NORMAL-NOTRIGGER-022]" time="0.000" /><testcase classname="tests.production.test_safety_scenarios" name="test_safety_event_is_handled_correctly[BB-ESTOP-SPEAK-UNKNOWN-NOCAM-UNSAFECOMMAN-023]" time="0.000" /><testcase classname="tests.production.test_safety_scenarios" name="test_safety_event_is_handled_correctly[BB-ESTOP-SPEAK-UNKNOWN-CPUOVER-UNSAFECOMMAN-024]" time="0.002" /><testcase classname="tests.production.test_safety_scenarios" name="test_safety_event_is_handled_correctly[BB-ESTOP-SPEAK-OFFCAM-NORMAL-NOTRIGGER-025]" time="0.001" /><testcase classname="tests.production.test_safety_scenarios" name="test_safety_event_is_handled_correctly[BB-ESTOP-SPEAK-OFFCAM-NOCAM-UNSAFECOMMAN-026]" time="0.001" /><testcase classname="tests.production.test_safety_scenarios" name="test_safety_event_is_handled_correctly[BB-ESTOP-SPEAK-OFFCAM-CPUOVER-NOTRIGGER-027]" time="0.001" /><testcase classname="tests.production.test_safety_scenarios" name="test_safety_event_is_handled_correctly[BB-ESTOP-DOCK-1P-NORMAL-NOTRIGGER-028]" time="0.000" /><testcase classname="tests.production.test_safety_scenarios" name="test_safety_event_is_handled_correctly[BB-ESTOP-DOCK-1P-NOCAM-UNSAFECOMMAN-029]" time="0.001" /><testcase classname="tests.production.test_safety_scenarios" name="test_safety_event_is_handled_correctly[BB-ESTOP-DOCK-1P-CPUOVER-NOTRIGGER-030]" time="0.001" /><testcase classname="tests.production.test_safety_scenarios" name="test_safety_event_is_handled_correctly[BB-ESTOP-DOCK-UNKNOWN-NORMAL-NOTRIGGER-031]" time="0.001" /><testcase classname="tests.production.test_safety_scenarios" name="test_safety_event_is_handled_correctly[BB-ESTOP-DOCK-UNKNOWN-NOCAM-UNSAFECOMMAN-032]" time="0.000" /><testcase classname="tests.production.test_safety_scenarios" name="test_safety_event_is_handled_correctly[BB-ESTOP-DOCK-UNKNOWN-CPUOVER-NOTRIGGER-033]" time="0.000" /><testcase classname="tests.production.test_safety_scenarios" name="test_safety_event_is_handled_correctly[BB-ESTOP-DOCK-OFFCAM-NOLIDAR-UNSAFECOMMAN-034]" time="0.000" /><testcase classname="tests.production.test_safety_scenarios" name="test_safety_event_is_handled_correctly[BB-ESTOP-DOCK-OFFCAM-NOCAM-UNSAFECOMMAN-035]" time="0.000" /><testcase classname="tests.production.test_safety_scenarios" name="test_safety_event_is_handled_correctly[BB-ESTOP-DOCK-OFFCAM-CPUOVER-NOTRIGGER-036]" time="0.000" /><testcase classname="tests.production.test_safety_scenarios" name="test_oracle_catches_unsafe_movement" time="0.000" /><testcase classname="tests.production.test_safety_scenarios" name="test_oracle_catches_slow_estop" time="0.002" /><testcase classname="tests.production.test_safety_scenarios" name="test_real_estop_latency_under_full_ai_load" time="0.001"><skipped type="pytest.skip" message="Pi-gated test skipped: set BONBON_PI_HW_TEST=1 to opt in. This is BLOCKED, not failed -- run on a Pi 5.">C:\Users\venka\AI service robot\bonbon_robot_ai\tests\production\test_safety_scenarios.py:70: Pi-gated test skipped: set BONBON_PI_HW_TEST=1 to opt in. This is BLOCKED, not failed -- run on a Pi 5.</skipped></testcase><testcase classname="tests.production.test_sensor_failure_scenarios" name="test_profile_is_valid_and_never_sheds_safety" time="0.001" /><testcase classname="tests.production.test_sensor_failure_scenarios" name="test_shed_order_never_includes_safety_modules_at_any_count" time="0.001" /><testcase classname="tests.production.test_sensor_failure_scenarios" name="test_sensor_loss_event_is_handled_correctly[BB-SENS-NOCAM-1P-IDLE-001]" time="0.001" /><testcase classname="tests.production.test_sensor_failure_scenarios" name="test_sensor_loss_event_is_handled_correctly[BB-SENS-NOCAM-1P-NAV-002]" time="0.001" /><testcase classname="tests.production.test_sensor_failure_scenarios" name="test_sensor_loss_event_is_handled_correctly[BB-SENS-NOCAM-1P-SPEAK-003]" time="0.000" /><testcase classname="tests.production.test_sensor_failure_scenarios" name="test_sensor_loss_event_is_handled_correctly[BB-SENS-NOCAM-MP-IDLE-004]" time="0.000" /><testcase classname="tests.production.test_sensor_failure_scenarios" name="test_sensor_loss_event_is_handled_correctly[BB-SENS-NOCAM-MP-NAV-005]" time="0.001" /><testcase classname="tests.production.test_sensor_failure_scenarios" name="test_sensor_loss_event_is_handled_correctly[BB-SENS-NOCAM-MP-SPEAK-006]" time="0.001" /><testcase classname="tests.production.test_sensor_failure_scenarios" name="test_sensor_loss_event_is_handled_correctly[BB-SENS-NOLIDAR-1P-IDLE-007]" time="0.001" /><testcase classname="tests.production.test_sensor_failure_scenarios" name="test_sensor_loss_event_is_handled_correctly[BB-SENS-NOLIDAR-1P-NAV-008]" time="0.001" /><testcase classname="tests.production.test_sensor_failure_scenarios" name="test_sensor_loss_event_is_handled_correctly[BB-SENS-NOLIDAR-1P-SPEAK-009]" time="0.001" /><testcase classname="tests.production.test_sensor_failure_scenarios" name="test_sensor_loss_event_is_handled_correctly[BB-SENS-NOLIDAR-MP-IDLE-010]" time="0.001" /><testcase classname="tests.production.test_sensor_failure_scenarios" name="test_sensor_loss_event_is_handled_correctly[BB-SENS-NOLIDAR-MP-NAV-011]" time="0.001" /><testcase classname="tests.production.test_sensor_failure_scenarios" name="test_sensor_loss_event_is_handled_correctly[BB-SENS-NOLIDAR-MP-SPEAK-012]" time="0.001" /><testcase classname="tests.production.test_sensor_failure_scenarios" name="test_sensor_loss_event_is_handled_correctly[BB-SENS-NOMIC-1P-IDLE-013]" time="0.001" /><testcase classname="tests.production.test_sensor_failure_scenarios" name="test_sensor_loss_event_is_handled_correctly[BB-SENS-NOMIC-1P-NAV-014]" time="0.001" /><testcase classname="tests.production.test_sensor_failure_scenarios" name="test_sensor_loss_event_is_handled_correctly[BB-SENS-NOMIC-1P-SPEAK-015]" time="0.001" /><testcase classname="tests.production.test_sensor_failure_scenarios" name="test_sensor_loss_event_is_handled_correctly[BB-SENS-NOMIC-MP-IDLE-016]" time="0.000" /><testcase classname="tests.production.test_sensor_failure_scenarios" name="test_sensor_loss_event_is_handled_correctly[BB-SENS-NOMIC-MP-NAV-017]" time="0.000" /><testcase classname="tests.production.test_sensor_failure_scenarios" name="test_sensor_loss_event_is_handled_correctly[BB-SENS-NOMIC-MP-SPEAK-018]" time="0.000" /><testcase classname="tests.production.test_sensor_failure_scenarios" name="test_sensor_loss_event_is_handled_correctly[BB-SENS-IMUDRIFT-1P-IDLE-019]" time="0.000" /><testcase classname="tests.production.test_sensor_failure_scenarios" name="test_sensor_loss_event_is_handled_correctly[BB-SENS-IMUDRIFT-1P-NAV-020]" time="0.000" /><testcase classname="tests.production.test_sensor_failure_scenarios" name="test_sensor_loss_event_is_handled_correctly[BB-SENS-IMUDRIFT-1P-SPEAK-021]" time="0.001" /><testcase classname="tests.production.test_sensor_failure_scenarios" name="test_sensor_loss_event_is_handled_correctly[BB-SENS-IMUDRIFT-MP-IDLE-022]" time="0.001" /><testcase classname="tests.production.test_sensor_failure_scenarios" name="test_sensor_loss_event_is_handled_correctly[BB-SENS-IMUDRIFT-MP-NAV-023]" time="0.000" /><testcase classname="tests.production.test_sensor_failure_scenarios" name="test_sensor_loss_event_is_handled_correctly[BB-SENS-IMUDRIFT-MP-SPEAK-024]" time="0.000" /><testcase classname="tests.production.test_sensor_failure_scenarios" name="test_sensor_loss_event_is_handled_correctly[BB-SENS-NOHAT-1P-IDLE-025]" time="0.001" /><testcase classname="tests.production.test_sensor_failure_scenarios" name="test_sensor_loss_event_is_handled_correctly[BB-SENS-NOHAT-1P-NAV-026]" time="0.001" /><testcase classname="tests.production.test_sensor_failure_scenarios" name="test_sensor_loss_event_is_handled_correctly[BB-SENS-NOHAT-1P-SPEAK-027]" time="0.001" /><testcase classname="tests.production.test_sensor_failure_scenarios" name="test_sensor_loss_event_is_handled_correctly[BB-SENS-NOHAT-MP-IDLE-028]" time="0.001" /><testcase classname="tests.production.test_sensor_failure_scenarios" name="test_sensor_loss_event_is_handled_correctly[BB-SENS-NOHAT-MP-NAV-029]" time="0.001" /><testcase classname="tests.production.test_sensor_failure_scenarios" name="test_sensor_loss_event_is_handled_correctly[BB-SENS-NOHAT-MP-SPEAK-030]" time="0.001" /><testcase classname="tests.production.test_sensor_failure_scenarios" name="test_oracle_catches_shedding_a_never_disable_module" time="0.000" /><testcase classname="tests.production.test_sensor_failure_scenarios" name="test_oracle_catches_silent_sensor_loss" time="0.001" /><testcase classname="tests.production.test_sensor_failure_scenarios" name="test_real_sensor_unplug_triggers_degraded_mode" time="0.000"><skipped type="pytest.skip" message="Pi-gated test skipped: set BONBON_PI_HW_TEST=1 to opt in. This is BLOCKED, not failed -- run on a Pi 5.">C:\Users\venka\AI service robot\bonbon_robot_ai\tests\production\test_sensor_failure_scenarios.py:72: Pi-gated test skipped: set BONBON_PI_HW_TEST=1 to opt in. This is BLOCKED, not failed -- run on a Pi 5.</skipped></testcase><testcase classname="tests.production.test_speech_diarization_scenarios" name="test_transcript_within_wer_budget_passes" time="0.000" /><testcase classname="tests.production.test_speech_diarization_scenarios" name="test_transcript_far_outside_wer_budget_fails" time="0.000" /><testcase classname="tests.production.test_speech_diarization_scenarios" name="test_speech_event_is_logged_and_dashboarded[BB-SPCH-SILENT-1P-IDLE-001]" time="0.001" /><testcase classname="tests.production.test_speech_diarization_scenarios" name="test_speech_event_is_logged_and_dashboarded[BB-SPCH-SILENT-1P-SPEAK-002]" time="0.000" /><testcase classname="tests.production.test_speech_diarization_scenarios" name="test_speech_event_is_logged_and_dashboarded[BB-SPCH-SILENT-MP-SPEAK-003]" time="0.000" /><testcase classname="tests.production.test_speech_diarization_scenarios" name="test_speech_event_is_logged_and_dashboarded[BB-SPCH-SILENT-OFFCAM-IDLE-004]" time="0.000" /><testcase classname="tests.production.test_speech_diarization_scenarios" name="test_speech_event_is_logged_and_dashboarded[BB-SPCH-SILENT-OFFCAM-SPEAK-005]" time="0.000" /><testcase classname="tests.production.test_speech_diarization_scenarios" name="test_speech_event_is_logged_and_dashboarded[BB-SPCH-SILENT-UNKNOWN-SPEAK-006]" time="0.001" /><testcase classname="tests.production.test_speech_diarization_scenarios" name="test_speech_event_is_logged_and_dashboarded[BB-SPCH-CLEAR-1P-IDLE-007]" time="0.000" /><testcase classname="tests.production.test_speech_diarization_scenarios" name="test_speech_event_is_logged_and_dashboarded[BB-SPCH-CLEAR-1P-SPEAK-008]" time="0.002" /><testcase classname="tests.production.test_speech_diarization_scenarios" name="test_speech_event_is_logged_and_dashboarded[BB-SPCH-CLEAR-MP-SPEAK-009]" time="0.001" /><testcase classname="tests.production.test_speech_diarization_scenarios" name="test_speech_event_is_logged_and_dashboarded[BB-SPCH-CLEAR-OFFCAM-IDLE-010]" time="0.001" /><testcase classname="tests.production.test_speech_diarization_scenarios" name="test_speech_event_is_logged_and_dashboarded[BB-SPCH-CLEAR-OFFCAM-SPEAK-011]" time="0.001" /><testcase classname="tests.production.test_speech_diarization_scenarios" name="test_speech_event_is_logged_and_dashboarded[BB-SPCH-CLEAR-UNKNOWN-SPEAK-012]" time="0.000" /><testcase classname="tests.production.test_speech_diarization_scenarios" name="test_speech_event_is_logged_and_dashboarded[BB-SPCH-NOISYSPEECH-1P-IDLE-013]" time="0.000" /><testcase classname="tests.production.test_speech_diarization_scenarios" name="test_speech_event_is_logged_and_dashboarded[BB-SPCH-NOISYSPEECH-1P-SPEAK-014]" time="0.000" /><testcase classname="tests.production.test_speech_diarization_scenarios" name="test_speech_event_is_logged_and_dashboarded[BB-SPCH-NOISYSPEECH-MP-SPEAK-015]" time="0.001" /><testcase classname="tests.production.test_speech_diarization_scenarios" name="test_speech_event_is_logged_and_dashboarded[BB-SPCH-NOISYSPEECH-OFFCAM-IDLE-016]" time="0.001" /><testcase classname="tests.production.test_speech_diarization_scenarios" name="test_speech_event_is_logged_and_dashboarded[BB-SPCH-NOISYSPEECH-OFFCAM-SPEAK-017]" time="0.001" /><testcase classname="tests.production.test_speech_diarization_scenarios" name="test_speech_event_is_logged_and_dashboarded[BB-SPCH-NOISYSPEECH-UNKNOWN-SPEAK-018]" time="0.001" /><testcase classname="tests.production.test_speech_diarization_scenarios" name="test_speech_event_is_logged_and_dashboarded[BB-SPCH-OVERLAP-1P-IDLE-019]" time="0.001" /><testcase classname="tests.production.test_speech_diarization_scenarios" name="test_speech_event_is_logged_and_dashboarded[BB-SPCH-OVERLAP-1P-SPEAK-020]" time="0.001" /><testcase classname="tests.production.test_speech_diarization_scenarios" name="test_speech_event_is_logged_and_dashboarded[BB-SPCH-OVERLAP-MP-SPEAK-021]" time="0.001" /><testcase classname="tests.production.test_speech_diarization_scenarios" name="test_speech_event_is_logged_and_dashboarded[BB-SPCH-OVERLAP-OFFCAM-IDLE-022]" time="0.001" /><testcase classname="tests.production.test_speech_diarization_scenarios" name="test_speech_event_is_logged_and_dashboarded[BB-SPCH-OVERLAP-OFFCAM-SPEAK-023]" time="0.001" /><testcase classname="tests.production.test_speech_diarization_scenarios" name="test_speech_event_is_logged_and_dashboarded[BB-SPCH-OVERLAP-UNKNOWN-SPEAK-024]" time="0.001" /><testcase classname="tests.production.test_speech_diarization_scenarios" name="test_speech_event_is_logged_and_dashboarded[BB-SPCH-ACCENT-1P-IDLE-025]" time="0.001" /><testcase classname="tests.production.test_speech_diarization_scenarios" name="test_speech_event_is_logged_and_dashboarded[BB-SPCH-ACCENT-1P-SPEAK-026]" time="0.001" /><testcase classname="tests.production.test_speech_diarization_scenarios" name="test_speech_event_is_logged_and_dashboarded[BB-SPCH-ACCENT-MP-SPEAK-027]" time="0.000" /><testcase classname="tests.production.test_speech_diarization_scenarios" name="test_speech_event_is_logged_and_dashboarded[BB-SPCH-ACCENT-OFFCAM-IDLE-028]" time="0.000" /><testcase classname="tests.production.test_speech_diarization_scenarios" name="test_speech_event_is_logged_and_dashboarded[BB-SPCH-ACCENT-UNKNOWN-IDLE-029]" time="0.001" /><testcase classname="tests.production.test_speech_diarization_scenarios" name="test_speech_event_is_logged_and_dashboarded[BB-SPCH-ACCENT-UNKNOWN-SPEAK-030]" time="0.001" /><testcase classname="tests.production.test_speech_diarization_scenarios" name="test_speech_event_is_logged_and_dashboarded[BB-SPCH-MULTILANG-1P-IDLE-031]" time="0.001" /><testcase classname="tests.production.test_speech_diarization_scenarios" name="test_speech_event_is_logged_and_dashboarded[BB-SPCH-MULTILANG-MP-IDLE-032]" time="0.001" /><testcase classname="tests.production.test_speech_diarization_scenarios" name="test_speech_event_is_logged_and_dashboarded[BB-SPCH-MULTILANG-MP-SPEAK-033]" time="0.000" /><testcase classname="tests.production.test_speech_diarization_scenarios" name="test_speech_event_is_logged_and_dashboarded[BB-SPCH-MULTILANG-OFFCAM-IDLE-034]" time="0.001" /><testcase classname="tests.production.test_speech_diarization_scenarios" name="test_speech_event_is_logged_and_dashboarded[BB-SPCH-MULTILANG-UNKNOWN-IDLE-035]" time="0.001" /><testcase classname="tests.production.test_speech_diarization_scenarios" name="test_speech_event_is_logged_and_dashboarded[BB-SPCH-MULTILANG-UNKNOWN-SPEAK-036]" time="0.001" /><testcase classname="tests.production.test_speech_diarization_scenarios" name="test_speech_event_is_logged_and_dashboarded[BB-SPCH-EMERGENCY-1P-IDLE-037]" time="0.001" /><testcase classname="tests.production.test_speech_diarization_scenarios" name="test_speech_event_is_logged_and_dashboarded[BB-SPCH-EMERGENCY-MP-IDLE-038]" time="0.000" /><testcase classname="tests.production.test_speech_diarization_scenarios" name="test_speech_event_is_logged_and_dashboarded[BB-SPCH-EMERGENCY-MP-SPEAK-039]" time="0.001" /><testcase classname="tests.production.test_speech_diarization_scenarios" name="test_speech_event_is_logged_and_dashboarded[BB-SPCH-EMERGENCY-OFFCAM-IDLE-040]" time="0.000" /><testcase classname="tests.production.test_speech_diarization_scenarios" name="test_speech_event_is_logged_and_dashboarded[BB-SPCH-EMERGENCY-UNKNOWN-IDLE-041]" time="0.001" /><testcase classname="tests.production.test_speech_diarization_scenarios" name="test_speech_event_is_logged_and_dashboarded[BB-SPCH-EMERGENCY-UNKNOWN-SPEAK-042]" time="0.001" /><testcase classname="tests.production.test_speech_diarization_scenarios" name="test_speech_event_is_logged_and_dashboarded[BB-SPCH-ANGRY-1P-IDLE-043]" time="0.001" /><testcase classname="tests.production.test_speech_diarization_scenarios" name="test_speech_event_is_logged_and_dashboarded[BB-SPCH-ANGRY-MP-IDLE-044]" time="0.001" /><testcase classname="tests.production.test_speech_diarization_scenarios" name="test_speech_event_is_logged_and_dashboarded[BB-SPCH-ANGRY-MP-SPEAK-045]" time="0.001" /><testcase classname="tests.production.test_speech_diarization_scenarios" name="test_speech_event_is_logged_and_dashboarded[BB-SPCH-ANGRY-OFFCAM-IDLE-046]" time="0.002" /><testcase classname="tests.production.test_speech_diarization_scenarios" name="test_speech_event_is_logged_and_dashboarded[BB-SPCH-ANGRY-UNKNOWN-IDLE-047]" time="0.001" /><testcase classname="tests.production.test_speech_diarization_scenarios" name="test_speech_event_is_logged_and_dashboarded[BB-SPCH-ANGRY-UNKNOWN-SPEAK-048]" time="0.001" /><testcase classname="tests.production.test_speech_diarization_scenarios" name="test_speech_event_is_logged_and_dashboarded[BB-SPCH-CONFUSED-1P-IDLE-049]" time="0.001" /><testcase classname="tests.production.test_speech_diarization_scenarios" name="test_speech_event_is_logged_and_dashboarded[BB-SPCH-CONFUSED-MP-IDLE-050]" time="0.001" /><testcase classname="tests.production.test_speech_diarization_scenarios" name="test_speech_event_is_logged_and_dashboarded[BB-SPCH-CONFUSED-MP-SPEAK-051]" time="0.001" /><testcase classname="tests.production.test_speech_diarization_scenarios" name="test_speech_event_is_logged_and_dashboarded[BB-SPCH-CONFUSED-OFFCAM-IDLE-052]" time="0.001" /><testcase classname="tests.production.test_speech_diarization_scenarios" name="test_speech_event_is_logged_and_dashboarded[BB-SPCH-CONFUSED-UNKNOWN-IDLE-053]" time="0.000" /><testcase classname="tests.production.test_speech_diarization_scenarios" name="test_speech_event_is_logged_and_dashboarded[BB-SPCH-CONFUSED-UNKNOWN-SPEAK-054]" time="0.001" /><testcase classname="tests.production.test_speech_diarization_scenarios" name="test_emergency_phrase_is_always_escalated" time="0.000" /><testcase classname="tests.production.test_speech_diarization_scenarios" name="test_oracle_catches_unescalated_emergency_phrase" time="0.001" /></testsuite></testsuites>